#
# A fatal error has been detected by the Java Runtime Environment:
#
#  SIGSEGV (0xb) at pc=0x00007fd5e90696ba, pid=4797, tid=140556340377344
#
# JRE version: Java(TM) SE Runtime Environment (8.0_60-b27) (build 1.8.0_60-b27)
# Java VM: Java HotSpot(TM) 64-Bit Server VM (25.60-b23 mixed mode linux-amd64 compressed oops)
# Problematic frame:
# v  ~BufferBlob::jni_fast_GetLongField
#
# Failed to write core dump. Core dumps have been disabled. To enable core dumping, try "ulimit -c unlimited" before starting Java again
#
# If you would like to submit a bug report, please visit:
#   http://bugreport.java.com/bugreport/crash.jsp
# The crash happened outside the Java Virtual Machine in native code.
# See problematic frame for where to report the bug.
#

---------------  T H R E A D  ---------------

Current thread (0x00007fd5f848e000):  JavaThread "AWT-XAWT" daemon [_thread_in_native, id=4821, stack(0x00007fd5d2ad3000,0x00007fd5d2bd4000)]

siginfo: si_signo: 11 (SIGSEGV), si_code: 1 (SEGV_MAPERR), si_addr: 0x0000000000000000

Registers:
RAX=0x00007fd5feededa0, RBX=0x00007fd5f848e1f8, RCX=0x00007fd5ff941340, RDX=0x0000000000000042
RSP=0x00007fd5d2bd2538, RBP=0x00007fd5d2bd2560, RSI=0x0000000000000000, RDI=0x00007fd5f848e1f8
R8 =0x00007fd5d9008250, R9 =0x0000000000000000, R10=0x0000000000000082, R11=0x00007fd5e9739898
R12=0x00007fd56054bb50, R13=0x0000000000000000, R14=0x00007fd5d3fff7e0, R15=0x00007fd5f848e000
RIP=0x00007fd5e90696ba, EFLAGS=0x0000000000010246, CSGSFS=0x0000000000000033, ERR=0x0000000000000004
  TRAPNO=0x000000000000000e

Top of Stack: (sp=0x00007fd5d2bd2538)
0x00007fd5d2bd2538:   00007fd5d3ddde61 00007fd5dbcd98c8
0x00007fd5d2bd2548:   00007fd56054bb50 00007fd5d2bd2610
0x00007fd5d2bd2558:   00007fd5d2bd25e0 0000000000000000
0x00007fd5d2bd2568:   00007fd5d90104e0 00007fd5dbcd98c8
0x00007fd5d2bd2578:   00007fd5d2bd25a0 0000000000000000
0x00007fd5d2bd2588:   00007fd5d9008273 00007fd5d2bd2610
0x00007fd5d2bd2598:   00007fd5d3dd709f 00007fd5d2bd25f0
0x00007fd5d2bd25a8:   00007fd5e9739936 0000000000000000
0x00007fd5d2bd25b8:   00007fd5e95f6fb6 0000000084d58c80
0x00007fd5d2bd25c8:   00007fd5e9909bb8 0000000084d58c80
0x00007fd5d2bd25d8:   0000000084d58c80 0000000084fb20c0
0x00007fd5d2bd25e8:   0000000084d58a78 00007fd5d2bd2670
0x00007fd5d2bd25f8:   00007fd5e9007420 00007fd5d2bd2670
0x00007fd5d2bd2608:   00007fd5e9007420 0000000000000000
0x00007fd5d2bd2618:   00007fd5e9007760 00007fd584025be0
0x00007fd5d2bd2628:   0000000084d555a0 00007fd5d2bd2630
0x00007fd5d2bd2638:   00007fd5dbcb9efc 00007fd5d2bd26b8
0x00007fd5d2bd2648:   00007fd5dbcc3c28 0000000000000000
0x00007fd5d2bd2658:   00007fd5dbcba038 00007fd5d2bd2610
0x00007fd5d2bd2668:   00007fd5d2bd26b0 00007fd5d2bd2700
0x00007fd5d2bd2678:   00007fd5e9007c4d 0000000000000000
0x00007fd5d2bd2688:   00000000d98ff538 0000000000000000
0x00007fd5d2bd2698:   0000000000000000 0000000000000000
0x00007fd5d2bd26a8:   0000000084d555a0 0000000000000000
0x00007fd5d2bd26b8:   0000000084d55548 00007fd5d2bd26c0
0x00007fd5d2bd26c8:   00007fd5dbcb9d3d 00007fd5d2bd2710
0x00007fd5d2bd26d8:   00007fd5dbcc3c28 0000000000000000
0x00007fd5d2bd26e8:   00007fd5dbcb9d48 00007fd5d2bd26b0
0x00007fd5d2bd26f8:   00007fd5d2bd2710 00007fd5d2bd2758
0x00007fd5d2bd2708:   00007fd5e9007c92 0000000084d55548
0x00007fd5d2bd2718:   00007fd5d2bd2718 00007fd5db82d9cb
0x00007fd5d2bd2728:   00007fd5d2bd2768 00007fd5db8b4480 

Instructions: (pc=0x00007fd5e90696ba)
0x00007fd5e906969a:   00 00 00 00 00 00 44 8b 15 81 fc ea 15 4c 8b ce
0x00007fd5e90696aa:   41 f6 c2 01 0f 85 2e 00 00 00 4d 33 ca 4d 33 ca
0x00007fd5e90696ba:   4d 8b 09 4c 8b da 49 c1 eb 02 4b 8b 04 19 49 bb
0x00007fd5e90696ca:   28 93 f1 fe d5 7f 00 00 4c 33 d8 4c 33 d8 45 3b 

Register to memory mapping:

RAX=0x00007fd5feededa0: <offset 0xf74da0> in /usr/lib/jvm/jdk1.8.0_60/jre/lib/amd64/server/libjvm.so at 0x00007fd5fdf6a000
RBX=0x00007fd5f848e1f8 is an unknown value
RCX=0x00007fd5ff941340: <offset 0x219340> in /lib/x86_64-linux-gnu/libpthread.so.0 at 0x00007fd5ff728000
RDX=0x0000000000000042 is an unknown value
RSP=0x00007fd5d2bd2538 is pointing into the stack for thread: 0x00007fd5f848e000
RBP=0x00007fd5d2bd2560 is pointing into the stack for thread: 0x00007fd5f848e000
RSI=0x0000000000000000 is an unknown value
RDI=0x00007fd5f848e1f8 is an unknown value
R8 =0x00007fd5d9008250: <offset 0x5a250> in /usr/lib/x86_64-linux-gnu/libX11.so.6 at 0x00007fd5d8fae000
R9 =0x0000000000000000 is an unknown value
R10=0x0000000000000082 is an unknown value
R11=0x00007fd5e9739898 is at entry_point+24 in (nmethod*)0x00007fd5e9739710
R12=0x00007fd56054bb50 is an unknown value
R13=0x0000000000000000 is an unknown value
R14=0x00007fd5d3fff7e0: <offset 0x2587e0> in /usr/lib/jvm/jdk1.8.0_60/jre/lib/amd64/libawt_xawt.so at 0x00007fd5d3da7000
R15=0x00007fd5f848e000 is a thread


Stack: [0x00007fd5d2ad3000,0x00007fd5d2bd4000],  sp=0x00007fd5d2bd2538,  free space=1021k
Native frames: (J=compiled Java code, j=interpreted, Vv=VM code, C=native code)
v  ~BufferBlob::jni_fast_GetLongField
C  [libX11.so.6+0x624e0]  _XimServerDestroy+0x70

Java frames: (J=compiled Java code, j=interpreted, Vv=VM code)
J 2559  sun.awt.X11.XlibWrapper.XFilterEvent(JJ)Z (0 bytes) @ 0x00007fd5e97398c4 [0x00007fd5e9739880+0x44]
j  sun.awt.X11.XToolkit.run(Z)V+300
j  sun.awt.X11.XToolkit.run()V+5
j  java.lang.Thread.run()V+11
v  ~StubRoutines::call_stub

---------------  P R O C E S S  ---------------

Java Threads: ( => current thread )
  0x00007fd5a4001000 JavaThread "SIGTERM handler" daemon [_thread_blocked, id=8625, stack(0x00007fd588095000,0x00007fd588196000)]
  0x00007fd5605df000 JavaThread "TimerQueue" daemon [_thread_blocked, id=4835, stack(0x00007fd575ae7000,0x00007fd575be8000)]
  0x00007fd5602c2800 JavaThread "pool-1-thread-1" [_thread_blocked, id=4831, stack(0x00007fd57697d000,0x00007fd576a7e000)]
  0x00007fd56027e000 JavaThread "Abandoned connection cleanup thread" daemon [_thread_blocked, id=4830, stack(0x00007fd576c7e000,0x00007fd576d7f000)]
  0x00007fd5f800b800 JavaThread "DestroyJavaVM" [_thread_blocked, id=4801, stack(0x00007fd5ffa4a000,0x00007fd5ffb4b000)]
=>0x00007fd5f848e000 JavaThread "AWT-XAWT" daemon [_thread_in_native, id=4821, stack(0x00007fd5d2ad3000,0x00007fd5d2bd4000)]
  0x00007fd5f8471000 JavaThread "Java2D Disposer" daemon [_thread_blocked, id=4820, stack(0x00007fd5d2fe4000,0x00007fd5d30e5000)]
  0x00007fd5f8330000 JavaThread "Service Thread" daemon [_thread_blocked, id=4818, stack(0x00007fd5d8480000,0x00007fd5d8581000)]
  0x00007fd5f831d000 JavaThread "C1 CompilerThread3" daemon [_thread_blocked, id=4817, stack(0x00007fd5d8581000,0x00007fd5d8682000)]
  0x00007fd5f831a800 JavaThread "C2 CompilerThread2" daemon [_thread_blocked, id=4816, stack(0x00007fd5d8682000,0x00007fd5d8783000)]
  0x00007fd5f8318800 JavaThread "C2 CompilerThread1" daemon [_thread_blocked, id=4815, stack(0x00007fd5d8783000,0x00007fd5d8884000)]
  0x00007fd5f8316800 JavaThread "C2 CompilerThread0" daemon [_thread_blocked, id=4814, stack(0x00007fd5d8884000,0x00007fd5d8985000)]
  0x00007fd5f8206000 JavaThread "Signal Dispatcher" daemon [_thread_in_vm, id=4813, stack(0x00007fd5d9502000,0x00007fd5d9603000)]
  0x00007fd5f81d0800 JavaThread "Finalizer" daemon [_thread_blocked, id=4812, stack(0x00007fd5d9ce5000,0x00007fd5d9de6000)]
  0x00007fd5f81ce000 JavaThread "Reference Handler" daemon [_thread_blocked, id=4811, stack(0x00007fd5d9de6000,0x00007fd5d9ee7000)]

Other Threads:
  0x00007fd5f81c9000 VMThread [stack: 0x00007fd5d9ee7000,0x00007fd5d9fe8000] [id=4810]
  0x00007fd5f8335000 WatcherThread [stack: 0x00007fd5d837f000,0x00007fd5d8480000] [id=4819]

VM state:not at safepoint (normal execution)

VM Mutex/Monitor currently owned by a thread:  ([mutex/lock_event])
[0x00007fd5f8007ac0] Threads_lock - owner thread: 0x00007fd5f8206000

Heap:
 PSYoungGen      total 53760K, used 51187K [0x00000000d6f00000, 0x00000000db680000, 0x0000000100000000)
  eden space 49152K, 95% used [0x00000000d6f00000,0x00000000d9c9eb30,0x00000000d9f00000)
  from space 4608K, 97% used [0x00000000db200000,0x00000000db65e358,0x00000000db680000)
  to   space 5120K, 0% used [0x00000000dac80000,0x00000000dac80000,0x00000000db180000)
 ParOldGen       total 55296K, used 5919K [0x0000000084c00000, 0x0000000088200000, 0x00000000d6f00000)
  object space 55296K, 10% used [0x0000000084c00000,0x00000000851c7f28,0x0000000088200000)
 Metaspace       used 30569K, capacity 30814K, committed 31360K, reserved 1077248K
  class space    used 3755K, capacity 3841K, committed 3968K, reserved 1048576K

Card table byte_map: [0x00007fd5fc223000,0x00007fd5fc5fe000] byte_map_base: 0x00007fd5fbdfd000

Marking Bits: (ParMarkBitMap*) 0x00007fd5fef18de0
 Begin Bits: [0x00007fd5e0260000, 0x00007fd5e2130000)
 End Bits:   [0x00007fd5e2130000, 0x00007fd5e4000000)

Polling page: 0x00007fd5ffb66000

CodeCache: size=245760Kb used=9170Kb max_used=9240Kb free=236589Kb
 bounds [0x00007fd5e9000000, 0x00007fd5e9910000, 0x00007fd5f8000000]
 total_blobs=3866 nmethods=3125 adapters=653
 compilation: enabled

Compilation events (10 events):
Event: 10154.862 Thread 0x00007fd5f831a800 3166 % !   4       com.mysql.jdbc.AbandonedConnectionCleanupThread::run @ 4 (62 bytes)
Event: 10154.871 Thread 0x00007fd5f831a800 nmethod 3166% 0x00007fd5e990af10 code [0x00007fd5e990b0e0, 0x00007fd5e990b430]
Event: 10257.357 Thread 0x00007fd5f8318800 3167   !   4       com.mysql.jdbc.AbandonedConnectionCleanupThread::run (62 bytes)
Event: 10257.366 Thread 0x00007fd5f8318800 nmethod 3167 0x00007fd5e91b7710 code [0x00007fd5e91b7900, 0x00007fd5e91b7d10]
Event: 10622.270 Thread 0x00007fd5f831d000 3168       3       java.util.concurrent.locks.AbstractQueuedSynchronizer$ConditionObject::doSignal (43 bytes)
Event: 10622.271 Thread 0x00007fd5f831d000 nmethod 3168 0x00007fd5e91ba710 code [0x00007fd5e91ba8a0, 0x00007fd5e91bac28]
Event: 10887.665 Thread 0x00007fd5f831d000 3169       3       sun.awt.X11.XMSelection$1::dispatchEvent (10 bytes)
Event: 10887.666 Thread 0x00007fd5f831d000 nmethod 3169 0x00007fd5e91b9dd0 code [0x00007fd5e91b9f80, 0x00007fd5e91ba3d8]
Event: 10887.666 Thread 0x00007fd5f831d000 3170       3       sun.awt.X11.XMSelection::processRootEvent (32 bytes)
Event: 10887.666 Thread 0x00007fd5f831d000 nmethod 3170 0x00007fd5e91b95d0 code [0x00007fd5e91b9780, 0x00007fd5e91b9b58]

GC Heap History (10 events):
Event: 1.094 GC heap before
{Heap before GC invocations=1 (full 0):
 PSYoungGen      total 36864K, used 31744K [0x00000000d6f00000, 0x00000000d9800000, 0x0000000100000000)
  eden space 31744K, 100% used [0x00000000d6f00000,0x00000000d8e00000,0x00000000d8e00000)
  from space 5120K, 0% used [0x00000000d9300000,0x00000000d9300000,0x00000000d9800000)
  to   space 5120K, 0% used [0x00000000d8e00000,0x00000000d8e00000,0x00000000d9300000)
 ParOldGen       total 84992K, used 0K [0x0000000084c00000, 0x0000000089f00000, 0x00000000d6f00000)
  object space 84992K, 0% used [0x0000000084c00000,0x0000000084c00000,0x0000000089f00000)
 Metaspace       used 12266K, capacity 12468K, committed 12672K, reserved 1060864K
  class space    used 1503K, capacity 1584K, committed 1664K, reserved 1048576K
Event: 1.102 GC heap after
Heap after GC invocations=1 (full 0):
 PSYoungGen      total 36864K, used 2888K [0x00000000d6f00000, 0x00000000d9800000, 0x0000000100000000)
  eden space 31744K, 0% used [0x00000000d6f00000,0x00000000d6f00000,0x00000000d8e00000)
  from space 5120K, 56% used [0x00000000d8e00000,0x00000000d90d20a0,0x00000000d9300000)
  to   space 5120K, 0% used [0x00000000d9300000,0x00000000d9300000,0x00000000d9800000)
 ParOldGen       total 84992K, used 16K [0x0000000084c00000, 0x0000000089f00000, 0x00000000d6f00000)
  object space 84992K, 0% used [0x0000000084c00000,0x0000000084c04000,0x0000000089f00000)
 Metaspace       used 12266K, capacity 12468K, committed 12672K, reserved 1060864K
  class space    used 1503K, capacity 1584K, committed 1664K, reserved 1048576K
}
Event: 2.388 GC heap before
{Heap before GC invocations=2 (full 0):
 PSYoungGen      total 36864K, used 34632K [0x00000000d6f00000, 0x00000000d9800000, 0x0000000100000000)
  eden space 31744K, 100% used [0x00000000d6f00000,0x00000000d8e00000,0x00000000d8e00000)
  from space 5120K, 56% used [0x00000000d8e00000,0x00000000d90d20a0,0x00000000d9300000)
  to   space 5120K, 0% used [0x00000000d9300000,0x00000000d9300000,0x00000000d9800000)
 ParOldGen       total 84992K, used 16K [0x0000000084c00000, 0x0000000089f00000, 0x00000000d6f00000)
  object space 84992K, 0% used [0x0000000084c00000,0x0000000084c04000,0x0000000089f00000)
 Metaspace       used 20261K, capacity 20422K, committed 20608K, reserved 1067008K
  class space    used 2535K, capacity 2611K, committed 2688K, reserved 1048576K
Event: 2.402 GC heap after
Heap after GC invocations=2 (full 0):
 PSYoungGen      total 36864K, used 5109K [0x00000000d6f00000, 0x00000000d9800000, 0x0000000100000000)
  eden space 31744K, 0% used [0x00000000d6f00000,0x00000000d6f00000,0x00000000d8e00000)
  from space 5120K, 99% used [0x00000000d9300000,0x00000000d97fd568,0x00000000d9800000)
  to   space 5120K, 0% used [0x00000000d8e00000,0x00000000d8e00000,0x00000000d9300000)
 ParOldGen       total 84992K, used 3613K [0x0000000084c00000, 0x0000000089f00000, 0x00000000d6f00000)
  object space 84992K, 4% used [0x0000000084c00000,0x0000000084f87710,0x0000000089f00000)
 Metaspace       used 20261K, capacity 20422K, committed 20608K, reserved 1067008K
  class space    used 2535K, capacity 2611K, committed 2688K, reserved 1048576K
}
Event: 2.516 GC heap before
{Heap before GC invocations=3 (full 0):
 PSYoungGen      total 36864K, used 9524K [0x00000000d6f00000, 0x00000000d9800000, 0x0000000100000000)
  eden space 31744K, 13% used [0x00000000d6f00000,0x00000000d734faf0,0x00000000d8e00000)
  from space 5120K, 99% used [0x00000000d9300000,0x00000000d97fd568,0x00000000d9800000)
  to   space 5120K, 0% used [0x00000000d8e00000,0x00000000d8e00000,0x00000000d9300000)
 ParOldGen       total 84992K, used 3613K [0x0000000084c00000, 0x0000000089f00000, 0x00000000d6f00000)
  object space 84992K, 4% used [0x0000000084c00000,0x0000000084f87710,0x0000000089f00000)
 Metaspace       used 20858K, capacity 21030K, committed 21248K, reserved 1067008K
  class space    used 2630K, capacity 2707K, committed 2816K, reserved 1048576K
Event: 2.525 GC heap after
Heap after GC invocations=3 (full 0):
 PSYoungGen      total 36864K, used 5110K [0x00000000d6f00000, 0x00000000db700000, 0x0000000100000000)
  eden space 31744K, 0% used [0x00000000d6f00000,0x00000000d6f00000,0x00000000d8e00000)
  from space 5120K, 99% used [0x00000000d8e00000,0x00000000d92fd938,0x00000000d9300000)
  to   space 5120K, 0% used [0x00000000db200000,0x00000000db200000,0x00000000db700000)
 ParOldGen       total 84992K, used 4035K [0x0000000084c00000, 0x0000000089f00000, 0x00000000d6f00000)
  object space 84992K, 4% used [0x0000000084c00000,0x0000000084ff0ec8,0x0000000089f00000)
 Metaspace       used 20858K, capacity 21030K, committed 21248K, reserved 1067008K
  class space    used 2630K, capacity 2707K, committed 2816K, reserved 1048576K
}
Event: 2.525 GC heap before
{Heap before GC invocations=4 (full 1):
 PSYoungGen      total 36864K, used 5110K [0x00000000d6f00000, 0x00000000db700000, 0x0000000100000000)
  eden space 31744K, 0% used [0x00000000d6f00000,0x00000000d6f00000,0x00000000d8e00000)
  from space 5120K, 99% used [0x00000000d8e00000,0x00000000d92fd938,0x00000000d9300000)
  to   space 5120K, 0% used [0x00000000db200000,0x00000000db200000,0x00000000db700000)
 ParOldGen       total 84992K, used 4035K [0x0000000084c00000, 0x0000000089f00000, 0x00000000d6f00000)
  object space 84992K, 4% used [0x0000000084c00000,0x0000000084ff0ec8,0x0000000089f00000)
 Metaspace       used 20858K, capacity 21030K, committed 21248K, reserved 1067008K
  class space    used 2630K, capacity 2707K, committed 2816K, reserved 1048576K
Event: 2.577 GC heap after
Heap after GC invocations=4 (full 1):
 PSYoungGen      total 36864K, used 0K [0x00000000d6f00000, 0x00000000db700000, 0x0000000100000000)
  eden space 31744K, 0% used [0x00000000d6f00000,0x00000000d6f00000,0x00000000d8e00000)
  from space 5120K, 0% used [0x00000000d8e00000,0x00000000d8e00000,0x00000000d9300000)
  to   space 5120K, 0% used [0x00000000db200000,0x00000000db200000,0x00000000db700000)
 ParOldGen       total 55296K, used 5911K [0x0000000084c00000, 0x0000000088200000, 0x00000000d6f00000)
  object space 55296K, 10% used [0x0000000084c00000,0x00000000851c5f28,0x0000000088200000)
 Metaspace       used 20858K, capacity 21030K, committed 21248K, reserved 1067008K
  class space    used 2630K, capacity 2707K, committed 2816K, reserved 1048576K
}
Event: 3.404 GC heap before
{Heap before GC invocations=5 (full 1):
 PSYoungGen      total 36864K, used 31744K [0x00000000d6f00000, 0x00000000db700000, 0x0000000100000000)
  eden space 31744K, 100% used [0x00000000d6f00000,0x00000000d8e00000,0x00000000d8e00000)
  from space 5120K, 0% used [0x00000000d8e00000,0x00000000d8e00000,0x00000000d9300000)
  to   space 5120K, 0% used [0x00000000db200000,0x00000000db200000,0x00000000db700000)
 ParOldGen       total 55296K, used 5911K [0x0000000084c00000, 0x0000000088200000, 0x00000000d6f00000)
  object space 55296K, 10% used [0x0000000084c00000,0x00000000851c5f28,0x0000000088200000)
 Metaspace       used 24244K, capacity 24450K, committed 24704K, reserved 1071104K
  class space    used 3070K, capacity 3133K, committed 3200K, reserved 1048576K
Event: 3.412 GC heap after
Heap after GC invocations=5 (full 1):
 PSYoungGen      total 53760K, used 4472K [0x00000000d6f00000, 0x00000000db680000, 0x0000000100000000)
  eden space 49152K, 0% used [0x00000000d6f00000,0x00000000d6f00000,0x00000000d9f00000)
  from space 4608K, 97% used [0x00000000db200000,0x00000000db65e358,0x00000000db680000)
  to   space 5120K, 0% used [0x00000000dac80000,0x00000000dac80000,0x00000000db180000)
 ParOldGen       total 55296K, used 5919K [0x0000000084c00000, 0x0000000088200000, 0x00000000d6f00000)
  object space 55296K, 10% used [0x0000000084c00000,0x00000000851c7f28,0x0000000088200000)
 Metaspace       used 24244K, capacity 24450K, committed 24704K, reserved 1071104K
  class space    used 3070K, capacity 3133K, committed 3200K, reserved 1048576K
}

Deoptimization events (10 events):
Event: 3.033 Thread 0x00007fd5f85ff000 Uncommon trap: reason=unstable_if action=reinterpret pc=0x00007fd5e93fcc1c method=java.util.HashMap.getNode(ILjava/lang/Object;)Ljava/util/HashMap$Node; @ 84
Event: 3.037 Thread 0x00007fd5f85ff000 Uncommon trap: reason=unstable_if action=reinterpret pc=0x00007fd5e947df28 method=java.util.HashMap.resize()[Ljava/util/HashMap$Node; @ 206
Event: 3.615 Thread 0x00007fd5f85ff000 Uncommon trap: reason=unstable_if action=reinterpret pc=0x00007fd5e91d42a0 method=java.lang.CharacterData.of(I)Ljava/lang/CharacterData; @ 4
Event: 3.689 Thread 0x00007fd5f85ff000 Uncommon trap: reason=unstable_if action=reinterpret pc=0x00007fd5e9529a44 method=java.lang.String.indexOf([CII[CIII)I @ 27
Event: 3.689 Thread 0x00007fd5f85ff000 Uncommon trap: reason=unstable_if action=reinterpret pc=0x00007fd5e9499720 method=java.lang.String.indexOf([CII[CIII)I @ 27
Event: 3.853 Thread 0x00007fd5f85ff000 Uncommon trap: reason=unstable_if action=reinterpret pc=0x00007fd5e92ede5c method=java.lang.String.indexOf([CII[CIII)I @ 27
Event: 3.963 Thread 0x00007fd5f85ff000 Uncommon trap: reason=unstable_if action=reinterpret pc=0x00007fd5e945f65c method=java.util.HashMap.getNode(ILjava/lang/Object;)Ljava/util/HashMap$Node; @ 53
Event: 3.963 Thread 0x00007fd5f85ff000 Uncommon trap: reason=unstable_if action=reinterpret pc=0x00007fd5e94d0f08 method=java.util.HashMap.getNode(ILjava/lang/Object;)Ljava/util/HashMap$Node; @ 53
Event: 4.004 Thread 0x00007fd5f85ff000 Uncommon trap: reason=class_check action=maybe_recompile pc=0x00007fd5e9169aa4 method=java.lang.String.equals(Ljava/lang/Object;)Z @ 8
Event: 4.004 Thread 0x00007fd5f85ff000 Uncommon trap: reason=class_check action=maybe_recompile pc=0x00007fd5e9169aa4 method=java.lang.String.equals(Ljava/lang/Object;)Z @ 8

Internal exceptions (10 events):
Event: 3.909 Thread 0x00007fd5f85ff000 Exception <a 'java/lang/ClassNotFoundException': net/miginfocom/layout/BoundSizeCustomizer> (0x00000000d803c390) thrown at [/HUDSON/workspace/8-2-build-linux-amd64/jdk8u60/4407/hotspot/src/share/vm/classfile/systemDictionary.cpp, line 210]
Event: 4.333 Thread 0x00007fd5f85ff000 Exception <a 'java/lang/UnsupportedOperationException': > (0x00000000d82d0e70) thrown at [/HUDSON/workspace/8-2-build-linux-amd64/jdk8u60/4407/hotspot/src/share/vm/prims/jni.cpp, line 735]
Event: 6.706 Thread 0x00007fd5f85ff000 Exception <a 'java/lang/UnsupportedOperationException': > (0x00000000d8c258a8) thrown at [/HUDSON/workspace/8-2-build-linux-amd64/jdk8u60/4407/hotspot/src/share/vm/prims/jni.cpp, line 735]
Event: 8.622 Thread 0x00007fd5f85ff000 Exception <a 'java/lang/UnsupportedOperationException': > (0x00000000d8dac408) thrown at [/HUDSON/workspace/8-2-build-linux-amd64/jdk8u60/4407/hotspot/src/share/vm/prims/jni.cpp, line 735]
Event: 11.110 Thread 0x00007fd5f85ff000 Exception <a 'java/lang/UnsupportedOperationException': > (0x00000000d8f9d038) thrown at [/HUDSON/workspace/8-2-build-linux-amd64/jdk8u60/4407/hotspot/src/share/vm/prims/jni.cpp, line 735]
Event: 15.655 Thread 0x00007fd5f85ff000 Exception <a 'java/lang/UnsupportedOperationException': > (0x00000000d9009560) thrown at [/HUDSON/workspace/8-2-build-linux-amd64/jdk8u60/4407/hotspot/src/share/vm/prims/jni.cpp, line 735]
Event: 19.393 Thread 0x00007fd5f85ff000 Exception <a 'java/lang/UnsupportedOperationException': > (0x00000000d9746e20) thrown at [/HUDSON/workspace/8-2-build-linux-amd64/jdk8u60/4407/hotspot/src/share/vm/prims/jni.cpp, line 735]
Event: 21.635 Thread 0x00007fd5f85ff000 Exception <a 'java/lang/UnsupportedOperationException': > (0x00000000d97ccc18) thrown at [/HUDSON/workspace/8-2-build-linux-amd64/jdk8u60/4407/hotspot/src/share/vm/prims/jni.cpp, line 735]
Event: 23.577 Thread 0x00007fd5f85ff000 Exception <a 'java/lang/UnsupportedOperationException': > (0x00000000d98a56f0) thrown at [/HUDSON/workspace/8-2-build-linux-amd64/jdk8u60/4407/hotspot/src/share/vm/prims/jni.cpp, line 735]
Event: 26.329 Thread 0x00007fd5f85ff000 Exception <a 'java/lang/UnsupportedOperationException': > (0x00000000d9940010) thrown at [/HUDSON/workspace/8-2-build-linux-amd64/jdk8u60/4407/hotspot/src/share/vm/prims/jni.cpp, line 735]

Events (10 events):
Event: 1922.225 Thread 0x00007fd5f831d000 flushing nmethod 0x00007fd5e948a710
Event: 7120.152 loading class sun/awt/X11/XkbEvent
Event: 7120.162 loading class sun/awt/X11/XkbEvent done
Event: 7120.162 loading class sun/awt/X11/XkbAnyEvent
Event: 7120.163 loading class sun/awt/X11/XkbAnyEvent done
Event: 10887.599 loading class sun/awt/X11/XDestroyWindowEvent
Event: 10887.599 loading class sun/awt/X11/XDestroyWindowEvent done
Event: 10887.794 loading class sun/misc/Signal$1
Event: 10887.795 loading class sun/misc/Signal$1 done
Event: 10887.798 Thread 0x00007fd5a4001000 Thread added: 0x00007fd5a4001000


Dynamic libraries:
00400000-00401000 r-xp 00000000 08:05 1975831                            /usr/lib/jvm/jdk1.8.0_60/bin/java
00600000-00601000 rw-p 00000000 08:05 1975831                            /usr/lib/jvm/jdk1.8.0_60/bin/java
00ac2000-00ae3000 rw-p 00000000 00:00 0                                  [heap]
84c00000-88200000 rw-p 00000000 00:00 0 
88200000-d6f00000 ---p 00000000 00:00 0 
d6f00000-db680000 rw-p 00000000 00:00 0 
db680000-100000000 ---p 00000000 00:00 0 
100000000-1003e0000 rw-p 00000000 00:00 0 
1003e0000-140000000 ---p 00000000 00:00 0 
7fd558000000-7fd558037000 rw-p 00000000 00:00 0 
7fd558037000-7fd55c000000 ---p 00000000 00:00 0 
7fd560000000-7fd5609d5000 rw-p 00000000 00:00 0 
7fd5609d5000-7fd564000000 ---p 00000000 00:00 0 
7fd564000000-7fd564021000 rw-p 00000000 00:00 0 
7fd564021000-7fd568000000 ---p 00000000 00:00 0 
7fd568000000-7fd568022000 rw-p 00000000 00:00 0 
7fd568022000-7fd56c000000 ---p 00000000 00:00 0 
7fd56c000000-7fd56c021000 rw-p 00000000 00:00 0 
7fd56c021000-7fd570000000 ---p 00000000 00:00 0 
7fd570000000-7fd570022000 rw-p 00000000 00:00 0 
7fd570022000-7fd574000000 ---p 00000000 00:00 0 
7fd5758ac000-7fd5758e6000 r-xp 00000000 08:05 1975685                    /usr/lib/jvm/jdk1.8.0_60/jre/lib/amd64/libjpeg.so
7fd5758e6000-7fd575ae6000 ---p 0003a000 08:05 1975685                    /usr/lib/jvm/jdk1.8.0_60/jre/lib/amd64/libjpeg.so
7fd575ae6000-7fd575ae7000 rw-p 0003a000 08:05 1975685                    /usr/lib/jvm/jdk1.8.0_60/jre/lib/amd64/libjpeg.so
7fd575ae7000-7fd575aea000 ---p 00000000 00:00 0 
7fd575aea000-7fd575be8000 rw-p 00000000 00:00 0                          [stack:4835]
7fd575c21000-7fd575ce1000 rw-p 00000000 00:00 0 
7fd575ce1000-7fd575e21000 ---p 00000000 00:00 0 
7fd575e21000-7fd575e24000 ---p 00000000 00:00 0 
7fd575e24000-7fd575f22000 rw-p 00000000 00:00 0                          [stack:8655]
7fd57601c000-7fd57611d000 rw-p 00000000 00:00 0 
7fd57611d000-7fd57617d000 rw-s 00000000 00:05 130449431                  /SYSV00000000 (deleted)
7fd57617d000-7fd57637d000 rw-p 00000000 00:00 0 
7fd57637d000-7fd57657d000 rw-p 00000000 00:00 0 
7fd57657d000-7fd57677d000 rw-p 00000000 00:00 0 
7fd57677d000-7fd57697d000 rw-p 00000000 00:00 0 
7fd57697d000-7fd576980000 ---p 00000000 00:00 0 
7fd576980000-7fd576c7e000 rw-p 00000000 00:00 0                          [stack:4831]
7fd576c7e000-7fd576c81000 ---p 00000000 00:00 0 
7fd576c81000-7fd576f7f000 rw-p 00000000 00:00 0                          [stack:4830]
7fd576f7f000-7fd57717f000 rw-p 00000000 00:00 0 
7fd57717f000-7fd57737f000 rw-p 00000000 00:00 0 
7fd57737f000-7fd5773e8000 r-xp 00000000 08:05 1975696                    /usr/lib/jvm/jdk1.8.0_60/jre/lib/amd64/libt2k.so
7fd5773e8000-7fd5775e8000 ---p 00069000 08:05 1975696                    /usr/lib/jvm/jdk1.8.0_60/jre/lib/amd64/libt2k.so
7fd5775e8000-7fd5775ef000 rw-p 00069000 08:05 1975696                    /usr/lib/jvm/jdk1.8.0_60/jre/lib/amd64/libt2k.so
7fd5775ef000-7fd5777ff000 rw-p 00000000 00:00 0 
7fd5777ff000-7fd577800000 ---p 00000000 00:00 0 
7fd577800000-7fd578000000 rw-p 00000000 00:00 0 
7fd578000000-7fd578022000 rw-p 00000000 00:00 0 
7fd578022000-7fd57c000000 ---p 00000000 00:00 0 
7fd57c000000-7fd57c021000 rw-p 00000000 00:00 0 
7fd57c021000-7fd580000000 ---p 00000000 00:00 0 
7fd580000000-7fd580021000 rw-p 00000000 00:00 0 
7fd580021000-7fd584000000 ---p 00000000 00:00 0 
7fd584000000-7fd584054000 rw-p 00000000 00:00 0 
7fd584054000-7fd588000000 ---p 00000000 00:00 0 
7fd588015000-7fd588095000 rw-s 00000000 00:05 130416652                  /SYSV00000000 (deleted)
7fd588095000-7fd588098000 ---p 00000000 00:00 0 
7fd588098000-7fd588196000 rw-p 00000000 00:00 0                          [stack:8625]
7fd588196000-7fd588197000 ---p 00000000 00:00 0 
7fd588197000-7fd588997000 rw-p 00000000 00:00 0 
7fd588997000-7fd588998000 ---p 00000000 00:00 0 
7fd588998000-7fd589198000 rw-p 00000000 00:00 0                          [stack:4824]
7fd589198000-7fd5891aa000 r-xp 00000000 08:05 789812                     /lib/x86_64-linux-gnu/libudev.so.1.6.2
7fd5891aa000-7fd5893a9000 ---p 00012000 08:05 789812                     /lib/x86_64-linux-gnu/libudev.so.1.6.2
7fd5893a9000-7fd5893aa000 r--p 00011000 08:05 789812                     /lib/x86_64-linux-gnu/libudev.so.1.6.2
7fd5893aa000-7fd5893ab000 rw-p 00012000 08:05 789812                     /lib/x86_64-linux-gnu/libudev.so.1.6.2
7fd5893ab000-7fd5893e2000 r-xp 00000000 08:05 2227008                    /usr/lib/x86_64-linux-gnu/gvfs/libgvfscommon.so
7fd5893e2000-7fd5895e1000 ---p 00037000 08:05 2227008                    /usr/lib/x86_64-linux-gnu/gvfs/libgvfscommon.so
7fd5895e1000-7fd5895e8000 r--p 00036000 08:05 2227008                    /usr/lib/x86_64-linux-gnu/gvfs/libgvfscommon.so
7fd5895e8000-7fd5895e9000 rw-p 0003d000 08:05 2227008                    /usr/lib/x86_64-linux-gnu/gvfs/libgvfscommon.so
7fd5895e9000-7fd58961a000 r-xp 00000000 08:05 2226344                    /usr/lib/x86_64-linux-gnu/gio/modules/libgvfsdbus.so
7fd58961a000-7fd589819000 ---p 00031000 08:05 2226344                    /usr/lib/x86_64-linux-gnu/gio/modules/libgvfsdbus.so
7fd589819000-7fd58981a000 r--p 00030000 08:05 2226344                    /usr/lib/x86_64-linux-gnu/gio/modules/libgvfsdbus.so
7fd58981a000-7fd58981c000 rw-p 00031000 08:05 2226344                    /usr/lib/x86_64-linux-gnu/gio/modules/libgvfsdbus.so
7fd58981c000-7fd589874000 r-xp 00000000 08:05 1973045                    /usr/lib/x86_64-linux-gnu/libibus-1.0.so.5.0.509
7fd589874000-7fd589a74000 ---p 00058000 08:05 1973045                    /usr/lib/x86_64-linux-gnu/libibus-1.0.so.5.0.509
7fd589a74000-7fd589a76000 r--p 00058000 08:05 1973045                    /usr/lib/x86_64-linux-gnu/libibus-1.0.so.5.0.509
7fd589a76000-7fd589a77000 rw-p 0005a000 08:05 1973045                    /usr/lib/x86_64-linux-gnu/libibus-1.0.so.5.0.509
7fd589a77000-7fd589a78000 rw-p 00000000 00:00 0 
7fd589a78000-7fd589a7e000 r-xp 00000000 08:05 2226647                    /usr/lib/x86_64-linux-gnu/gtk-2.0/2.10.0/immodules/im-ibus.so
7fd589a7e000-7fd589c7e000 ---p 00006000 08:05 2226647                    /usr/lib/x86_64-linux-gnu/gtk-2.0/2.10.0/immodules/im-ibus.so
7fd589c7e000-7fd589c7f000 r--p 00006000 08:05 2226647                    /usr/lib/x86_64-linux-gnu/gtk-2.0/2.10.0/immodules/im-ibus.so
7fd589c7f000-7fd589c80000 rw-p 00007000 08:05 2226647                    /usr/lib/x86_64-linux-gnu/gtk-2.0/2.10.0/immodules/im-ibus.so
7fd589c80000-7fd589c91000 r-xp 00000000 08:05 1975720                    /usr/lib/jvm/jdk1.8.0_60/jre/lib/amd64/libnio.so
7fd589c91000-7fd589e90000 ---p 00011000 08:05 1975720                    /usr/lib/jvm/jdk1.8.0_60/jre/lib/amd64/libnio.so
7fd589e90000-7fd589e91000 rw-p 00010000 08:05 1975720                    /usr/lib/jvm/jdk1.8.0_60/jre/lib/amd64/libnio.so
7fd589e91000-7fd589e96000 r-xp 00000000 08:05 789749                     /lib/x86_64-linux-gnu/libnss_dns-2.21.so
7fd589e96000-7fd58a095000 ---p 00005000 08:05 789749                     /lib/x86_64-linux-gnu/libnss_dns-2.21.so
7fd58a095000-7fd58a096000 r--p 00004000 08:05 789749                     /lib/x86_64-linux-gnu/libnss_dns-2.21.so
7fd58a096000-7fd58a097000 rw-p 00005000 08:05 789749                     /lib/x86_64-linux-gnu/libnss_dns-2.21.so
7fd58a097000-7fd58a099000 r-xp 00000000 08:05 789757                     /lib/x86_64-linux-gnu/libnss_mdns4_minimal.so.2
7fd58a099000-7fd58a298000 ---p 00002000 08:05 789757                     /lib/x86_64-linux-gnu/libnss_mdns4_minimal.so.2
7fd58a298000-7fd58a299000 r--p 00001000 08:05 789757                     /lib/x86_64-linux-gnu/libnss_mdns4_minimal.so.2
7fd58a299000-7fd58a29a000 rw-p 00002000 08:05 789757                     /lib/x86_64-linux-gnu/libnss_mdns4_minimal.so.2
7fd58a29a000-7fd58a59b000 rw-p 00000000 00:00 0 
7fd58a59b000-7fd58a5b1000 r-xp 00000000 08:05 1975693                    /usr/lib/jvm/jdk1.8.0_60/jre/lib/amd64/libnet.so
7fd58a5b1000-7fd58a7b1000 ---p 00016000 08:05 1975693                    /usr/lib/jvm/jdk1.8.0_60/jre/lib/amd64/libnet.so
7fd58a7b1000-7fd58a7b2000 rw-p 00016000 08:05 1975693                    /usr/lib/jvm/jdk1.8.0_60/jre/lib/amd64/libnet.so
7fd58a7b2000-7fd58a7b3000 ---p 00000000 00:00 0 
7fd58a7b3000-7fd58afb3000 rw-p 00000000 00:00 0                          [stack:4823]
7fd58afb3000-7fd58afb4000 ---p 00000000 00:00 0 
7fd58afb4000-7fd58b7b4000 rw-p 00000000 00:00 0                          [stack:4822]
7fd58b7b4000-7fd58b7bf000 r-xp 00000000 08:05 2226339                    /usr/lib/x86_64-linux-gnu/gio/modules/libdconfsettings.so
7fd58b7bf000-7fd58b9bf000 ---p 0000b000 08:05 2226339                    /usr/lib/x86_64-linux-gnu/gio/modules/libdconfsettings.so
7fd58b9bf000-7fd58b9c0000 r--p 0000b000 08:05 2226339                    /usr/lib/x86_64-linux-gnu/gio/modules/libdconfsettings.so
7fd58b9c0000-7fd58b9c1000 rw-p 0000c000 08:05 2226339                    /usr/lib/x86_64-linux-gnu/gio/modules/libdconfsettings.so
7fd58b9c1000-7fd58b9c8000 r-xp 00000000 08:05 1973224                    /usr/lib/x86_64-linux-gnu/libogg.so.0.8.2
7fd58b9c8000-7fd58bbc8000 ---p 00007000 08:05 1973224                    /usr/lib/x86_64-linux-gnu/libogg.so.0.8.2
7fd58bbc8000-7fd58bbc9000 r--p 00007000 08:05 1973224                    /usr/lib/x86_64-linux-gnu/libogg.so.0.8.2
7fd58bbc9000-7fd58bbca000 rw-p 00008000 08:05 1973224                    /usr/lib/x86_64-linux-gnu/libogg.so.0.8.2
7fd58bbca000-7fd58bbf5000 r-xp 00000000 08:05 1973526                    /usr/lib/x86_64-linux-gnu/libvorbis.so.0.4.7
7fd58bbf5000-7fd58bdf4000 ---p 0002b000 08:05 1973526                    /usr/lib/x86_64-linux-gnu/libvorbis.so.0.4.7
7fd58bdf4000-7fd58bdf5000 r--p 0002a000 08:05 1973526                    /usr/lib/x86_64-linux-gnu/libvorbis.so.0.4.7
7fd58bdf5000-7fd58bdf6000 rw-p 0002b000 08:05 1973526                    /usr/lib/x86_64-linux-gnu/libvorbis.so.0.4.7
7fd58bdf6000-7fd58bdff000 r-xp 00000000 08:05 1973119                    /usr/lib/x86_64-linux-gnu/libltdl.so.7.3.0
7fd58bdff000-7fd58bffe000 ---p 00009000 08:05 1973119                    /usr/lib/x86_64-linux-gnu/libltdl.so.7.3.0
7fd58bffe000-7fd58bfff000 r--p 00008000 08:05 1973119                    /usr/lib/x86_64-linux-gnu/libltdl.so.7.3.0
7fd58bfff000-7fd58c000000 rw-p 00009000 08:05 1973119                    /usr/lib/x86_64-linux-gnu/libltdl.so.7.3.0
7fd58c000000-7fd58c021000 rw-p 00000000 00:00 0 
7fd58c021000-7fd590000000 ---p 00000000 00:00 0 
7fd590000000-7fd590021000 rw-p 00000000 00:00 0 
7fd590021000-7fd594000000 ---p 00000000 00:00 0 
7fd594000000-7fd59475b000 rw-p 00000000 00:00 0 
7fd59475b000-7fd598000000 ---p 00000000 00:00 0 
7fd598000000-7fd598021000 rw-p 00000000 00:00 0 
7fd598021000-7fd59c000000 ---p 00000000 00:00 0 
7fd59c000000-7fd59c245000 rw-p 00000000 00:00 0 
7fd59c245000-7fd5a0000000 ---p 00000000 00:00 0 
7fd5a0000000-7fd5a039b000 rw-p 00000000 00:00 0 
7fd5a039b000-7fd5a4000000 ---p 00000000 00:00 0 
7fd5a4000000-7fd5a4021000 rw-p 00000000 00:00 0 
7fd5a4021000-7fd5a8000000 ---p 00000000 00:00 0 
7fd5a8000000-7fd5a8237000 rw-p 00000000 00:00 0 
7fd5a8237000-7fd5ac000000 ---p 00000000 00:00 0 
7fd5ac000000-7fd5ac021000 rw-p 00000000 00:00 0 
7fd5ac021000-7fd5b0000000 ---p 00000000 00:00 0 
7fd5b0000000-7fd5b0021000 rw-p 00000000 00:00 0 
7fd5b0021000-7fd5b4000000 ---p 00000000 00:00 0 
7fd5b4000000-7fd5b4021000 rw-p 00000000 00:00 0 
7fd5b4021000-7fd5b8000000 ---p 00000000 00:00 0 
7fd5b8000000-7fd5b8021000 rw-p 00000000 00:00 0 
7fd5b8021000-7fd5bc000000 ---p 00000000 00:00 0 
7fd5bc000000-7fd5bc021000 rw-p 00000000 00:00 0 
7fd5bc021000-7fd5c0000000 ---p 00000000 00:00 0 
7fd5c0000000-7fd5c0021000 rw-p 00000000 00:00 0 
7fd5c0021000-7fd5c4000000 ---p 00000000 00:00 0 
7fd5c4000000-7fd5c4021000 rw-p 00000000 00:00 0 
7fd5c4021000-7fd5c8000000 ---p 00000000 00:00 0 
7fd5c8046000-7fd5c8049000 ---p 00000000 00:00 0 
7fd5c8049000-7fd5c8147000 rw-p 00000000 00:00 0                          [stack:8629]
7fd5c8147000-7fd5c815b000 r-xp 00000000 08:05 1973441                    /usr/lib/x86_64-linux-gnu/libtdb.so.1.3.4
7fd5c815b000-7fd5c835a000 ---p 00014000 08:05 1973441                    /usr/lib/x86_64-linux-gnu/libtdb.so.1.3.4
7fd5c835a000-7fd5c835b000 r--p 00013000 08:05 1973441                    /usr/lib/x86_64-linux-gnu/libtdb.so.1.3.4
7fd5c835b000-7fd5c835c000 rw-p 00014000 08:05 1973441                    /usr/lib/x86_64-linux-gnu/libtdb.so.1.3.4
7fd5c835c000-7fd5c8363000 r-xp 00000000 08:05 1973530                    /usr/lib/x86_64-linux-gnu/libvorbisfile.so.3.3.6
7fd5c8363000-7fd5c8563000 ---p 00007000 08:05 1973530                    /usr/lib/x86_64-linux-gnu/libvorbisfile.so.3.3.6
7fd5c8563000-7fd5c8564000 r--p 00007000 08:05 1973530                    /usr/lib/x86_64-linux-gnu/libvorbisfile.so.3.3.6
7fd5c8564000-7fd5c8565000 rw-p 00008000 08:05 1973530                    /usr/lib/x86_64-linux-gnu/libvorbisfile.so.3.3.6
7fd5c8565000-7fd5c8575000 r-xp 00000000 08:05 1972594                    /usr/lib/x86_64-linux-gnu/libcanberra.so.0.2.5
7fd5c8575000-7fd5c8775000 ---p 00010000 08:05 1972594                    /usr/lib/x86_64-linux-gnu/libcanberra.so.0.2.5
7fd5c8775000-7fd5c8776000 r--p 00010000 08:05 1972594                    /usr/lib/x86_64-linux-gnu/libcanberra.so.0.2.5
7fd5c8776000-7fd5c8777000 rw-p 00011000 08:05 1972594                    /usr/lib/x86_64-linux-gnu/libcanberra.so.0.2.5
7fd5c8777000-7fd5c877b000 r-xp 00000000 08:05 1972590                    /usr/lib/x86_64-linux-gnu/libcanberra-gtk.so.0.1.9
7fd5c877b000-7fd5c897a000 ---p 00004000 08:05 1972590                    /usr/lib/x86_64-linux-gnu/libcanberra-gtk.so.0.1.9
7fd5c897a000-7fd5c897b000 r--p 00003000 08:05 1972590                    /usr/lib/x86_64-linux-gnu/libcanberra-gtk.so.0.1.9
7fd5c897b000-7fd5c897c000 rw-p 00004000 08:05 1972590                    /usr/lib/x86_64-linux-gnu/libcanberra-gtk.so.0.1.9
7fd5c897c000-7fd5c8981000 r-xp 00000000 08:05 2226661                    /usr/lib/x86_64-linux-gnu/gtk-2.0/modules/libcanberra-gtk-module.so
7fd5c8981000-7fd5c8b80000 ---p 00005000 08:05 2226661                    /usr/lib/x86_64-linux-gnu/gtk-2.0/modules/libcanberra-gtk-module.so
7fd5c8b80000-7fd5c8b81000 r--p 00004000 08:05 2226661                    /usr/lib/x86_64-linux-gnu/gtk-2.0/modules/libcanberra-gtk-module.so
7fd5c8b81000-7fd5c8b82000 rw-p 00005000 08:05 2226661                    /usr/lib/x86_64-linux-gnu/gtk-2.0/modules/libcanberra-gtk-module.so
7fd5c8b82000-7fd5c8bb1000 r-xp 00000000 08:05 2226642                    /usr/lib/x86_64-linux-gnu/gtk-2.0/2.10.0/engines/libmurrine.so
7fd5c8bb1000-7fd5c8db1000 ---p 0002f000 08:05 2226642                    /usr/lib/x86_64-linux-gnu/gtk-2.0/2.10.0/engines/libmurrine.so
7fd5c8db1000-7fd5c8db2000 r--p 0002f000 08:05 2226642                    /usr/lib/x86_64-linux-gnu/gtk-2.0/2.10.0/engines/libmurrine.so
7fd5c8db2000-7fd5c8db3000 rw-p 00030000 08:05 2226642                    /usr/lib/x86_64-linux-gnu/gtk-2.0/2.10.0/engines/libmurrine.so
7fd5c8db3000-7fd5c8dc3000 r-xp 00000000 08:05 1973495                    /usr/lib/x86_64-linux-gnu/libunity-gtk2-parser.so.0.0.0
7fd5c8dc3000-7fd5c8fc3000 ---p 00010000 08:05 1973495                    /usr/lib/x86_64-linux-gnu/libunity-gtk2-parser.so.0.0.0
7fd5c8fc3000-7fd5c8fc4000 r--p 00010000 08:05 1973495                    /usr/lib/x86_64-linux-gnu/libunity-gtk2-parser.so.0.0.0
7fd5c8fc4000-7fd5c8fc5000 rw-p 00011000 08:05 1973495                    /usr/lib/x86_64-linux-gnu/libunity-gtk2-parser.so.0.0.0
7fd5c8fc5000-7fd5c8fca000 r-xp 00000000 08:05 2226665                    /usr/lib/x86_64-linux-gnu/gtk-2.0/modules/libunity-gtk-module.so
7fd5c8fca000-7fd5c91c9000 ---p 00005000 08:05 2226665                    /usr/lib/x86_64-linux-gnu/gtk-2.0/modules/libunity-gtk-module.so
7fd5c91c9000-7fd5c91ca000 r--p 00004000 08:05 2226665                    /usr/lib/x86_64-linux-gnu/gtk-2.0/modules/libunity-gtk-module.so
7fd5c91ca000-7fd5c91cb000 rw-p 00005000 08:05 2226665                    /usr/lib/x86_64-linux-gnu/gtk-2.0/modules/libunity-gtk-module.so
7fd5c91cb000-7fd5c91dc000 r-xp 00000000 08:05 2226664                    /usr/lib/x86_64-linux-gnu/gtk-2.0/modules/liboverlay-scrollbar.so
7fd5c91dc000-7fd5c93dc000 ---p 00011000 08:05 2226664                    /usr/lib/x86_64-linux-gnu/gtk-2.0/modules/liboverlay-scrollbar.so
7fd5c93dc000-7fd5c93dd000 r--p 00011000 08:05 2226664                    /usr/lib/x86_64-linux-gnu/gtk-2.0/modules/liboverlay-scrollbar.so
7fd5c93dd000-7fd5c93de000 rw-p 00012000 08:05 2226664                    /usr/lib/x86_64-linux-gnu/gtk-2.0/modules/liboverlay-scrollbar.so
7fd5c93de000-7fd5c93df000 r-xp 00000000 08:05 1962666                    /usr/lib/x86_64-linux-gnu/libgthread-2.0.so.0.4400.1
7fd5c93df000-7fd5c95de000 ---p 00001000 08:05 1962666                    /usr/lib/x86_64-linux-gnu/libgthread-2.0.so.0.4400.1
7fd5c95de000-7fd5c95df000 r--p 00000000 08:05 1962666                    /usr/lib/x86_64-linux-gnu/libgthread-2.0.so.0.4400.1
7fd5c95df000-7fd5c95e0000 rw-p 00001000 08:05 1962666                    /usr/lib/x86_64-linux-gnu/libgthread-2.0.so.0.4400.1
7fd5c95e0000-7fd5c95e6000 r-xp 00000000 08:05 1972665                    /usr/lib/x86_64-linux-gnu/libdatrie.so.1.3.1
7fd5c95e6000-7fd5c97e5000 ---p 00006000 08:05 1972665                    /usr/lib/x86_64-linux-gnu/libdatrie.so.1.3.1
7fd5c97e5000-7fd5c97e6000 r--p 00005000 08:05 1972665                    /usr/lib/x86_64-linux-gnu/libdatrie.so.1.3.1
7fd5c97e6000-7fd5c97e7000 rw-p 00006000 08:05 1972665                    /usr/lib/x86_64-linux-gnu/libdatrie.so.1.3.1
7fd5c97e7000-7fd5c9801000 r-xp 00000000 08:05 1972907                    /usr/lib/x86_64-linux-gnu/libgraphite2.so.3.0.1
7fd5c9801000-7fd5c9a00000 ---p 0001a000 08:05 1972907                    /usr/lib/x86_64-linux-gnu/libgraphite2.so.3.0.1
7fd5c9a00000-7fd5c9a02000 r--p 00019000 08:05 1972907                    /usr/lib/x86_64-linux-gnu/libgraphite2.so.3.0.1
7fd5c9a02000-7fd5c9a03000 rw-p 0001b000 08:05 1972907                    /usr/lib/x86_64-linux-gnu/libgraphite2.so.3.0.1
7fd5c9a03000-7fd5c9a29000 r-xp 00000000 08:05 789281                     /lib/x86_64-linux-gnu/libexpat.so.1.6.0
7fd5c9a29000-7fd5c9c28000 ---p 00026000 08:05 789281                     /lib/x86_64-linux-gnu/libexpat.so.1.6.0
7fd5c9c28000-7fd5c9c2b000 r--p 00025000 08:05 789281                     /lib/x86_64-linux-gnu/libexpat.so.1.6.0
7fd5c9c2b000-7fd5c9c2c000 rw-p 00028000 08:05 789281                     /lib/x86_64-linux-gnu/libexpat.so.1.6.0
7fd5c9c2c000-7fd5c9c34000 r-xp 00000000 08:05 1973453                    /usr/lib/x86_64-linux-gnu/libthai.so.0.2.0
7fd5c9c34000-7fd5c9e33000 ---p 00008000 08:05 1973453                    /usr/lib/x86_64-linux-gnu/libthai.so.0.2.0
7fd5c9e33000-7fd5c9e34000 r--p 00007000 08:05 1973453                    /usr/lib/x86_64-linux-gnu/libthai.so.0.2.0
7fd5c9e34000-7fd5c9e35000 rw-p 00008000 08:05 1973453                    /usr/lib/x86_64-linux-gnu/libthai.so.0.2.0
7fd5c9e35000-7fd5c9e8a000 r-xp 00000000 08:05 1973029                    /usr/lib/x86_64-linux-gnu/libharfbuzz.so.0.937.0
7fd5c9e8a000-7fd5ca089000 ---p 00055000 08:05 1973029                    /usr/lib/x86_64-linux-gnu/libharfbuzz.so.0.937.0
7fd5ca089000-7fd5ca08b000 r--p 00054000 08:05 1973029                    /usr/lib/x86_64-linux-gnu/libharfbuzz.so.0.937.0
7fd5ca08b000-7fd5ca08c000 rw-p 00056000 08:05 1973029                    /usr/lib/x86_64-linux-gnu/libharfbuzz.so.0.937.0
7fd5ca08c000-7fd5ca094000 r-xp 00000000 08:05 1973623                    /usr/lib/x86_64-linux-gnu/libxcb-render.so.0.0.0
7fd5ca094000-7fd5ca293000 ---p 00008000 08:05 1973623                    /usr/lib/x86_64-linux-gnu/libxcb-render.so.0.0.0
7fd5ca293000-7fd5ca294000 r--p 00007000 08:05 1973623                    /usr/lib/x86_64-linux-gnu/libxcb-render.so.0.0.0
7fd5ca294000-7fd5ca295000 rw-p 00008000 08:05 1973623                    /usr/lib/x86_64-linux-gnu/libxcb-render.so.0.0.0
7fd5ca295000-7fd5ca297000 r-xp 00000000 08:05 1973627                    /usr/lib/x86_64-linux-gnu/libxcb-shm.so.0.0.0
7fd5ca297000-7fd5ca496000 ---p 00002000 08:05 1973627                    /usr/lib/x86_64-linux-gnu/libxcb-shm.so.0.0.0
7fd5ca496000-7fd5ca497000 r--p 00001000 08:05 1973627                    /usr/lib/x86_64-linux-gnu/libxcb-shm.so.0.0.0
7fd5ca497000-7fd5ca498000 rw-p 00002000 08:05 1973627                    /usr/lib/x86_64-linux-gnu/libxcb-shm.so.0.0.0
7fd5ca498000-7fd5ca4bd000 r-xp 00000000 08:05 789793                     /lib/x86_64-linux-gnu/libpng12.so.0.51.0
7fd5ca4bd000-7fd5ca6bc000 ---p 00025000 08:05 789793                     /lib/x86_64-linux-gnu/libpng12.so.0.51.0
7fd5ca6bc000-7fd5ca6bd000 r--p 00024000 08:05 789793                     /lib/x86_64-linux-gnu/libpng12.so.0.51.0
7fd5ca6bd000-7fd5ca6be000 rw-p 00025000 08:05 789793                     /lib/x86_64-linux-gnu/libpng12.so.0.51.0
7fd5ca6be000-7fd5ca763000 r-xp 00000000 08:05 1973265                    /usr/lib/x86_64-linux-gnu/libpixman-1.so.0.32.6
7fd5ca763000-7fd5ca962000 ---p 000a5000 08:05 1973265                    /usr/lib/x86_64-linux-gnu/libpixman-1.so.0.32.6
7fd5ca962000-7fd5ca96a000 r--p 000a4000 08:05 1973265                    /usr/lib/x86_64-linux-gnu/libpixman-1.so.0.32.6
7fd5ca96a000-7fd5ca96b000 rw-p 000ac000 08:05 1973265                    /usr/lib/x86_64-linux-gnu/libpixman-1.so.0.32.6
7fd5ca96b000-7fd5caa0d000 r-xp 00000000 08:05 1972804                    /usr/lib/x86_64-linux-gnu/libfreetype.so.6.11.1
7fd5caa0d000-7fd5cac0c000 ---p 000a2000 08:05 1972804                    /usr/lib/x86_64-linux-gnu/libfreetype.so.6.11.1
7fd5cac0c000-7fd5cac12000 r--p 000a1000 08:05 1972804                    /usr/lib/x86_64-linux-gnu/libfreetype.so.6.11.1
7fd5cac12000-7fd5cac13000 rw-p 000a7000 08:05 1972804                    /usr/lib/x86_64-linux-gnu/libfreetype.so.6.11.1
7fd5cac13000-7fd5cac15000 r-xp 00000000 08:05 1972448                    /usr/lib/x86_64-linux-gnu/libXdamage.so.1.1.0
7fd5cac15000-7fd5cae14000 ---p 00002000 08:05 1972448                    /usr/lib/x86_64-linux-gnu/libXdamage.so.1.1.0
7fd5cae14000-7fd5cae15000 r--p 00001000 08:05 1972448                    /usr/lib/x86_64-linux-gnu/libXdamage.so.1.1.0
7fd5cae15000-7fd5cae16000 rw-p 00002000 08:05 1972448                    /usr/lib/x86_64-linux-gnu/libXdamage.so.1.1.0
7fd5cae16000-7fd5cae18000 r-xp 00000000 08:05 1972444                    /usr/lib/x86_64-linux-gnu/libXcomposite.so.1.0.0
7fd5cae18000-7fd5cb017000 ---p 00002000 08:05 1972444                    /usr/lib/x86_64-linux-gnu/libXcomposite.so.1.0.0
7fd5cb017000-7fd5cb018000 r--p 00001000 08:05 1972444                    /usr/lib/x86_64-linux-gnu/libXcomposite.so.1.0.0
7fd5cb018000-7fd5cb019000 rw-p 00002000 08:05 1972444                    /usr/lib/x86_64-linux-gnu/libXcomposite.so.1.0.0
7fd5cb019000-7fd5cb022000 r-xp 00000000 08:05 1972472                    /usr/lib/x86_64-linux-gnu/libXrandr.so.2.2.0
7fd5cb022000-7fd5cb221000 ---p 00009000 08:05 1972472                    /usr/lib/x86_64-linux-gnu/libXrandr.so.2.2.0
7fd5cb221000-7fd5cb222000 r--p 00008000 08:05 1972472                    /usr/lib/x86_64-linux-gnu/libXrandr.so.2.2.0
7fd5cb222000-7fd5cb223000 rw-p 00009000 08:05 1972472                    /usr/lib/x86_64-linux-gnu/libXrandr.so.2.2.0
7fd5cb223000-7fd5cb225000 r-xp 00000000 08:05 1972462                    /usr/lib/x86_64-linux-gnu/libXinerama.so.1.0.0
7fd5cb225000-7fd5cb424000 ---p 00002000 08:05 1972462                    /usr/lib/x86_64-linux-gnu/libXinerama.so.1.0.0
7fd5cb424000-7fd5cb425000 r--p 00001000 08:05 1972462                    /usr/lib/x86_64-linux-gnu/libXinerama.so.1.0.0
7fd5cb425000-7fd5cb426000 rw-p 00002000 08:05 1972462                    /usr/lib/x86_64-linux-gnu/libXinerama.so.1.0.0
7fd5cb426000-7fd5cb462000 r-xp 00000000 08:05 1972772                    /usr/lib/x86_64-linux-gnu/libfontconfig.so.1.8.0
7fd5cb462000-7fd5cb661000 ---p 0003c000 08:05 1972772                    /usr/lib/x86_64-linux-gnu/libfontconfig.so.1.8.0
7fd5cb661000-7fd5cb663000 r--p 0003b000 08:05 1972772                    /usr/lib/x86_64-linux-gnu/libfontconfig.so.1.8.0
7fd5cb663000-7fd5cb664000 rw-p 0003d000 08:05 1972772                    /usr/lib/x86_64-linux-gnu/libfontconfig.so.1.8.0
7fd5cb664000-7fd5cb6af000 r-xp 00000000 08:05 1973240                    /usr/lib/x86_64-linux-gnu/libpango-1.0.so.0.3600.8
7fd5cb6af000-7fd5cb8af000 ---p 0004b000 08:05 1973240                    /usr/lib/x86_64-linux-gnu/libpango-1.0.so.0.3600.8
7fd5cb8af000-7fd5cb8b1000 r--p 0004b000 08:05 1973240                    /usr/lib/x86_64-linux-gnu/libpango-1.0.so.0.3600.8
7fd5cb8b1000-7fd5cb8b2000 rw-p 0004d000 08:05 1973240                    /usr/lib/x86_64-linux-gnu/libpango-1.0.so.0.3600.8
7fd5cb8b2000-7fd5cb8c6000 r-xp 00000000 08:05 1973244                    /usr/lib/x86_64-linux-gnu/libpangoft2-1.0.so.0.3600.8
7fd5cb8c6000-7fd5cbac6000 ---p 00014000 08:05 1973244                    /usr/lib/x86_64-linux-gnu/libpangoft2-1.0.so.0.3600.8
7fd5cbac6000-7fd5cbac7000 r--p 00014000 08:05 1973244                    /usr/lib/x86_64-linux-gnu/libpangoft2-1.0.so.0.3600.8
7fd5cbac7000-7fd5cbac8000 rw-p 00015000 08:05 1973244                    /usr/lib/x86_64-linux-gnu/libpangoft2-1.0.so.0.3600.8
7fd5cbac8000-7fd5cbae9000 r-xp 00000000 08:05 1963231                    /usr/lib/x86_64-linux-gnu/libgdk_pixbuf-2.0.so.0.3100.3
7fd5cbae9000-7fd5cbce8000 ---p 00021000 08:05 1963231                    /usr/lib/x86_64-linux-gnu/libgdk_pixbuf-2.0.so.0.3100.3
7fd5cbce8000-7fd5cbce9000 r--p 00020000 08:05 1963231                    /usr/lib/x86_64-linux-gnu/libgdk_pixbuf-2.0.so.0.3100.3
7fd5cbce9000-7fd5cbcea000 rw-p 00021000 08:05 1963231                    /usr/lib/x86_64-linux-gnu/libgdk_pixbuf-2.0.so.0.3100.3
7fd5cbcea000-7fd5cbdfa000 r-xp 00000000 08:05 1972586                    /usr/lib/x86_64-linux-gnu/libcairo.so.2.11400.2
7fd5cbdfa000-7fd5cbffa000 ---p 00110000 08:05 1972586                    /usr/lib/x86_64-linux-gnu/libcairo.so.2.11400.2
7fd5cbffa000-7fd5cbffd000 r--p 00110000 08:05 1972586                    /usr/lib/x86_64-linux-gnu/libcairo.so.2.11400.2
7fd5cbffd000-7fd5cbffe000 rw-p 00113000 08:05 1972586                    /usr/lib/x86_64-linux-gnu/libcairo.so.2.11400.2
7fd5cbffe000-7fd5cc000000 rw-p 00000000 00:00 0 
7fd5cc000000-7fd5cc021000 rw-p 00000000 00:00 0 
7fd5cc021000-7fd5d0000000 ---p 00000000 00:00 0 
7fd5d0032000-7fd5d004e000 r--s 00393000 08:05 1975754                    /usr/lib/jvm/jdk1.8.0_60/jre/lib/ext/cldrdata.jar
7fd5d004e000-7fd5d0058000 r--s 00116000 08:05 1975747                    /usr/lib/jvm/jdk1.8.0_60/jre/lib/ext/localedata.jar
7fd5d0058000-7fd5d00aa000 r--p 00000000 08:05 2750374                    /usr/share/fonts/truetype/dejavu/DejaVuSansMono.ttf
7fd5d00aa000-7fd5d0101000 r--p 00000000 08:05 2750545                    /usr/share/fonts/truetype/ubuntu-font-family/Ubuntu-R.ttf
7fd5d0101000-7fd5d0102000 r--s 00000000 08:05 2493868                    /var/cache/fontconfig/c05880de57d1f5e948fdfacc138775d9-le64.cache-4
7fd5d0102000-7fd5d010d000 r--s 00000000 08:05 2493860                    /var/cache/fontconfig/945677eb7aeaf62f1d50efc3fb3ec7d8-le64.cache-4
7fd5d010d000-7fd5d0113000 r--s 00000000 08:05 2493845                    /var/cache/fontconfig/2cd17615ca594fa2959ae173292e504c-le64.cache-4
7fd5d0113000-7fd5d0114000 r--s 00000000 08:05 2493842                    /var/cache/fontconfig/0d8c3b2ac0904cb8a57a757ad11a4a08-le64.cache-4
7fd5d0114000-7fd5d011b000 r--s 00000000 08:05 2493864                    /var/cache/fontconfig/a755afe4a08bf5b97852ceb7400b47bc-le64.cache-4
7fd5d011b000-7fd5d011f000 r--s 00000000 08:05 2493876                    /var/cache/fontconfig/de156ccd2eddbdc19d37a45b8b2aac9c-le64.cache-4
7fd5d011f000-7fd5d0120000 r--s 00000000 08:05 2493863                    /var/cache/fontconfig/a6354e3ac43af67bd8d7b8e43c34e49f-le64.cache-4
7fd5d0120000-7fd5d0136000 r--s 00000000 08:05 2493840                    /var/cache/fontconfig/04aabc0a78ac019cf9454389977116d2-le64.cache-4
7fd5d0136000-7fd5d0137000 r--s 00000000 08:05 2493844                    /var/cache/fontconfig/1ac9eb803944fde146138c791f5cc56a-le64.cache-4
7fd5d0137000-7fd5d013b000 r--s 00000000 08:05 2493848                    /var/cache/fontconfig/385c0604a188198f04d133e54aba7fe7-le64.cache-4
7fd5d013b000-7fd5d013c000 r--s 00000000 08:05 2493875                    /var/cache/fontconfig/dc05db6664285cc2f12bf69c139ae4c3-le64.cache-4
7fd5d013c000-7fd5d013e000 r--s 00000000 08:05 2493857                    /var/cache/fontconfig/767a8244fc0220cfb567a839d0392e0b-le64.cache-4
7fd5d013e000-7fd5d0143000 r--s 00000000 08:05 2493859                    /var/cache/fontconfig/8801497958630a81b71ace7c5f9b32a8-le64.cache-4
7fd5d0143000-7fd5d014a000 r--s 00000000 08:05 2493846                    /var/cache/fontconfig/3047814df9a2f067bd2d96a2b9c36e5a-le64.cache-4
7fd5d014a000-7fd5d0150000 r--s 00000000 08:05 2493865                    /var/cache/fontconfig/b47c4e1ecd0709278f4910c18777a504-le64.cache-4
7fd5d0150000-7fd5d0163000 r--s 00000000 08:05 2493872                    /var/cache/fontconfig/d52a8644073d54c13679302ca1180695-le64.cache-4
7fd5d0163000-7fd5d016d000 r--s 00000000 08:05 2493849                    /var/cache/fontconfig/3f7329c5293ffd510edef78f73874cfd-le64.cache-4
7fd5d016d000-7fd5d0171000 r--s 00000000 08:05 2493873                    /var/cache/fontconfig/d589a48862398ed80a3d6066f4f56f4c-le64.cache-4
7fd5d0171000-7fd5d0174000 r--s 00000000 08:05 2493858                    /var/cache/fontconfig/e13b20fdb08344e0e664864cc2ede53d-le64.cache-4
7fd5d01c6000-7fd5d01e8000 r-xp 00000000 08:05 1972531                    /usr/lib/x86_64-linux-gnu/libatk-1.0.so.0.21409.1
7fd5d01e8000-7fd5d03e7000 ---p 00022000 08:05 1972531                    /usr/lib/x86_64-linux-gnu/libatk-1.0.so.0.21409.1
7fd5d03e7000-7fd5d03ea000 r--p 00021000 08:05 1972531                    /usr/lib/x86_64-linux-gnu/libatk-1.0.so.0.21409.1
7fd5d03ea000-7fd5d03eb000 rw-p 00024000 08:05 1972531                    /usr/lib/x86_64-linux-gnu/libatk-1.0.so.0.21409.1
7fd5d03eb000-7fd5d03f7000 r-xp 00000000 08:05 1973242                    /usr/lib/x86_64-linux-gnu/libpangocairo-1.0.so.0.3600.8
7fd5d03f7000-7fd5d05f6000 ---p 0000c000 08:05 1973242                    /usr/lib/x86_64-linux-gnu/libpangocairo-1.0.so.0.3600.8
7fd5d05f6000-7fd5d05f7000 r--p 0000b000 08:05 1973242                    /usr/lib/x86_64-linux-gnu/libpangocairo-1.0.so.0.3600.8
7fd5d05f7000-7fd5d05f8000 rw-p 0000c000 08:05 1973242                    /usr/lib/x86_64-linux-gnu/libpangocairo-1.0.so.0.3600.8
7fd5d05f8000-7fd5d06a8000 r-xp 00000000 08:05 1972835                    /usr/lib/x86_64-linux-gnu/libgdk-x11-2.0.so.0.2400.27
7fd5d06a8000-7fd5d08a8000 ---p 000b0000 08:05 1972835                    /usr/lib/x86_64-linux-gnu/libgdk-x11-2.0.so.0.2400.27
7fd5d08a8000-7fd5d08ac000 r--p 000b0000 08:05 1972835                    /usr/lib/x86_64-linux-gnu/libgdk-x11-2.0.so.0.2400.27
7fd5d08ac000-7fd5d08ae000 rw-p 000b4000 08:05 1972835                    /usr/lib/x86_64-linux-gnu/libgdk-x11-2.0.so.0.2400.27
7fd5d08ae000-7fd5d0ceb000 r-xp 00000000 08:05 1973004                    /usr/lib/x86_64-linux-gnu/libgtk-x11-2.0.so.0.2400.27
7fd5d0ceb000-7fd5d0eeb000 ---p 0043d000 08:05 1973004                    /usr/lib/x86_64-linux-gnu/libgtk-x11-2.0.so.0.2400.27
7fd5d0eeb000-7fd5d0ef2000 r--p 0043d000 08:05 1973004                    /usr/lib/x86_64-linux-gnu/libgtk-x11-2.0.so.0.2400.27
7fd5d0ef2000-7fd5d0ef6000 rw-p 00444000 08:05 1973004                    /usr/lib/x86_64-linux-gnu/libgtk-x11-2.0.so.0.2400.27
7fd5d0ef6000-7fd5d0ef9000 rw-p 00000000 00:00 0 
7fd5d0ef9000-7fd5d0f65000 r-xp 00000000 08:05 789729                     /lib/x86_64-linux-gnu/libpcre.so.3.13.1
7fd5d0f65000-7fd5d1164000 ---p 0006c000 08:05 789729                     /lib/x86_64-linux-gnu/libpcre.so.3.13.1
7fd5d1164000-7fd5d1165000 r--p 0006b000 08:05 789729                     /lib/x86_64-linux-gnu/libpcre.so.3.13.1
7fd5d1165000-7fd5d1166000 rw-p 0006c000 08:05 789729                     /lib/x86_64-linux-gnu/libpcre.so.3.13.1
7fd5d1166000-7fd5d116d000 r-xp 00000000 08:05 1972758                    /usr/lib/x86_64-linux-gnu/libffi.so.6.0.4
7fd5d116d000-7fd5d136c000 ---p 00007000 08:05 1972758                    /usr/lib/x86_64-linux-gnu/libffi.so.6.0.4
7fd5d136c000-7fd5d136d000 r--p 00006000 08:05 1972758                    /usr/lib/x86_64-linux-gnu/libffi.so.6.0.4
7fd5d136d000-7fd5d136e000 rw-p 00007000 08:05 1972758                    /usr/lib/x86_64-linux-gnu/libffi.so.6.0.4
7fd5d136e000-7fd5d1385000 r-xp 00000000 08:05 789804                     /lib/x86_64-linux-gnu/libresolv-2.21.so
7fd5d1385000-7fd5d1585000 ---p 00017000 08:05 789804                     /lib/x86_64-linux-gnu/libresolv-2.21.so
7fd5d1585000-7fd5d1587000 r--p 00017000 08:05 789804                     /lib/x86_64-linux-gnu/libresolv-2.21.so
7fd5d1587000-7fd5d1588000 rw-p 00019000 08:05 789804                     /lib/x86_64-linux-gnu/libresolv-2.21.so
7fd5d1588000-7fd5d158a000 rw-p 00000000 00:00 0 
7fd5d158a000-7fd5d15ab000 r-xp 00000000 08:05 789808                     /lib/x86_64-linux-gnu/libselinux.so.1
7fd5d15ab000-7fd5d17aa000 ---p 00021000 08:05 789808                     /lib/x86_64-linux-gnu/libselinux.so.1
7fd5d17aa000-7fd5d17ab000 r--p 00020000 08:05 789808                     /lib/x86_64-linux-gnu/libselinux.so.1
7fd5d17ab000-7fd5d17ac000 rw-p 00021000 08:05 789808                     /lib/x86_64-linux-gnu/libselinux.so.1
7fd5d17ac000-7fd5d17ae000 rw-p 00000000 00:00 0 
7fd5d17ae000-7fd5d17c7000 r-xp 00000000 08:05 789839                     /lib/x86_64-linux-gnu/libz.so.1.2.8
7fd5d17c7000-7fd5d19c7000 ---p 00019000 08:05 789839                     /lib/x86_64-linux-gnu/libz.so.1.2.8
7fd5d19c7000-7fd5d19c8000 r--p 00019000 08:05 789839                     /lib/x86_64-linux-gnu/libz.so.1.2.8
7fd5d19c8000-7fd5d19c9000 rw-p 0001a000 08:05 789839                     /lib/x86_64-linux-gnu/libz.so.1.2.8
7fd5d19c9000-7fd5d19cc000 r-xp 00000000 08:05 1962663                    /usr/lib/x86_64-linux-gnu/libgmodule-2.0.so.0.4400.1
7fd5d19cc000-7fd5d1bcb000 ---p 00003000 08:05 1962663                    /usr/lib/x86_64-linux-gnu/libgmodule-2.0.so.0.4400.1
7fd5d1bcb000-7fd5d1bcc000 r--p 00002000 08:05 1962663                    /usr/lib/x86_64-linux-gnu/libgmodule-2.0.so.0.4400.1
7fd5d1bcc000-7fd5d1bcd000 rw-p 00003000 08:05 1962663                    /usr/lib/x86_64-linux-gnu/libgmodule-2.0.so.0.4400.1
7fd5d1bcd000-7fd5d1be7000 r-xp 00000000 08:05 1972670                    /usr/lib/x86_64-linux-gnu/libdbusmenu-glib.so.4.0.12
7fd5d1be7000-7fd5d1de7000 ---p 0001a000 08:05 1972670                    /usr/lib/x86_64-linux-gnu/libdbusmenu-glib.so.4.0.12
7fd5d1de7000-7fd5d1de9000 r--p 0001a000 08:05 1972670                    /usr/lib/x86_64-linux-gnu/libdbusmenu-glib.so.4.0.12
7fd5d1de9000-7fd5d1dea000 rw-p 0001c000 08:05 1972670                    /usr/lib/x86_64-linux-gnu/libdbusmenu-glib.so.4.0.12
7fd5d1dea000-7fd5d1ef7000 r-xp 00000000 08:05 789293                     /lib/x86_64-linux-gnu/libglib-2.0.so.0.4400.1
7fd5d1ef7000-7fd5d20f6000 ---p 0010d000 08:05 789293                     /lib/x86_64-linux-gnu/libglib-2.0.so.0.4400.1
7fd5d20f6000-7fd5d20f7000 r--p 0010c000 08:05 789293                     /lib/x86_64-linux-gnu/libglib-2.0.so.0.4400.1
7fd5d20f7000-7fd5d20f8000 rw-p 0010d000 08:05 789293                     /lib/x86_64-linux-gnu/libglib-2.0.so.0.4400.1
7fd5d20f8000-7fd5d20f9000 rw-p 00000000 00:00 0 
7fd5d20f9000-7fd5d2149000 r-xp 00000000 08:05 1962623                    /usr/lib/x86_64-linux-gnu/libgobject-2.0.so.0.4400.1
7fd5d2149000-7fd5d2349000 ---p 00050000 08:05 1962623                    /usr/lib/x86_64-linux-gnu/libgobject-2.0.so.0.4400.1
7fd5d2349000-7fd5d234a000 r--p 00050000 08:05 1962623                    /usr/lib/x86_64-linux-gnu/libgobject-2.0.so.0.4400.1
7fd5d234a000-7fd5d234b000 rw-p 00051000 08:05 1962623                    /usr/lib/x86_64-linux-gnu/libgobject-2.0.so.0.4400.1
7fd5d234b000-7fd5d24c3000 r-xp 00000000 08:05 1962645                    /usr/lib/x86_64-linux-gnu/libgio-2.0.so.0.4400.1
7fd5d24c3000-7fd5d26c3000 ---p 00178000 08:05 1962645                    /usr/lib/x86_64-linux-gnu/libgio-2.0.so.0.4400.1
7fd5d26c3000-7fd5d26c7000 r--p 00178000 08:05 1962645                    /usr/lib/x86_64-linux-gnu/libgio-2.0.so.0.4400.1
7fd5d26c7000-7fd5d26c9000 rw-p 0017c000 08:05 1962645                    /usr/lib/x86_64-linux-gnu/libgio-2.0.so.0.4400.1
7fd5d26c9000-7fd5d26cb000 rw-p 00000000 00:00 0 
7fd5d26cb000-7fd5d26d1000 r-xp 00000000 08:05 1967773                    /usr/lib/jayatana/libjayatana.so
7fd5d26d1000-7fd5d28d0000 ---p 00006000 08:05 1967773                    /usr/lib/jayatana/libjayatana.so
7fd5d28d0000-7fd5d28d1000 r--p 00005000 08:05 1967773                    /usr/lib/jayatana/libjayatana.so
7fd5d28d1000-7fd5d28d2000 rw-p 00006000 08:05 1967773                    /usr/lib/jayatana/libjayatana.so
7fd5d28d2000-7fd5d28d3000 r-xp 00000000 08:05 1975678                    /usr/lib/jvm/jdk1.8.0_60/jre/lib/amd64/libjawt.so
7fd5d28d3000-7fd5d2ad2000 ---p 00001000 08:05 1975678                    /usr/lib/jvm/jdk1.8.0_60/jre/lib/amd64/libjawt.so
7fd5d2ad2000-7fd5d2ad3000 rw-p 00000000 08:05 1975678                    /usr/lib/jvm/jdk1.8.0_60/jre/lib/amd64/libjawt.so
7fd5d2ad3000-7fd5d2ad6000 ---p 00000000 00:00 0 
7fd5d2ad6000-7fd5d2bd4000 rw-p 00000000 00:00 0                          [stack:4821]
7fd5d2bd4000-7fd5d2bd9000 r-xp 00000000 08:05 1972454                    /usr/lib/x86_64-linux-gnu/libXfixes.so.3.1.0
7fd5d2bd9000-7fd5d2dd8000 ---p 00005000 08:05 1972454                    /usr/lib/x86_64-linux-gnu/libXfixes.so.3.1.0
7fd5d2dd8000-7fd5d2dd9000 r--p 00004000 08:05 1972454                    /usr/lib/x86_64-linux-gnu/libXfixes.so.3.1.0
7fd5d2dd9000-7fd5d2dda000 rw-p 00005000 08:05 1972454                    /usr/lib/x86_64-linux-gnu/libXfixes.so.3.1.0
7fd5d2dda000-7fd5d2de3000 r-xp 00000000 08:05 1972446                    /usr/lib/x86_64-linux-gnu/libXcursor.so.1.0.2
7fd5d2de3000-7fd5d2fe2000 ---p 00009000 08:05 1972446                    /usr/lib/x86_64-linux-gnu/libXcursor.so.1.0.2
7fd5d2fe2000-7fd5d2fe3000 r--p 00008000 08:05 1972446                    /usr/lib/x86_64-linux-gnu/libXcursor.so.1.0.2
7fd5d2fe3000-7fd5d2fe4000 rw-p 00009000 08:05 1972446                    /usr/lib/x86_64-linux-gnu/libXcursor.so.1.0.2
7fd5d2fe4000-7fd5d2fe7000 ---p 00000000 00:00 0 
7fd5d2fe7000-7fd5d30e5000 rw-p 00000000 00:00 0                          [stack:4820]
7fd5d30e5000-7fd5d30fb000 r-xp 00000000 08:05 789694                     /lib/x86_64-linux-gnu/libgcc_s.so.1
7fd5d30fb000-7fd5d32fa000 ---p 00016000 08:05 789694                     /lib/x86_64-linux-gnu/libgcc_s.so.1
7fd5d32fa000-7fd5d32fb000 rw-p 00015000 08:05 789694                     /lib/x86_64-linux-gnu/libgcc_s.so.1
7fd5d32fb000-7fd5d3361000 r-xp 00000000 08:05 1975697                    /usr/lib/jvm/jdk1.8.0_60/jre/lib/amd64/libfontmanager.so
7fd5d3361000-7fd5d3560000 ---p 00066000 08:05 1975697                    /usr/lib/jvm/jdk1.8.0_60/jre/lib/amd64/libfontmanager.so
7fd5d3560000-7fd5d3564000 rw-p 00065000 08:05 1975697                    /usr/lib/jvm/jdk1.8.0_60/jre/lib/amd64/libfontmanager.so
7fd5d3564000-7fd5d3575000 rw-p 00000000 00:00 0 
7fd5d3575000-7fd5d3584000 r-xp 00000000 08:05 1972460                    /usr/lib/x86_64-linux-gnu/libXi.so.6.1.0
7fd5d3584000-7fd5d3783000 ---p 0000f000 08:05 1972460                    /usr/lib/x86_64-linux-gnu/libXi.so.6.1.0
7fd5d3783000-7fd5d3784000 r--p 0000e000 08:05 1972460                    /usr/lib/x86_64-linux-gnu/libXi.so.6.1.0
7fd5d3784000-7fd5d3785000 rw-p 0000f000 08:05 1972460                    /usr/lib/x86_64-linux-gnu/libXi.so.6.1.0
7fd5d3785000-7fd5d378a000 r-xp 00000000 08:05 1972480                    /usr/lib/x86_64-linux-gnu/libXtst.so.6.1.0
7fd5d378a000-7fd5d3989000 ---p 00005000 08:05 1972480                    /usr/lib/x86_64-linux-gnu/libXtst.so.6.1.0
7fd5d3989000-7fd5d398a000 r--p 00004000 08:05 1972480                    /usr/lib/x86_64-linux-gnu/libXtst.so.6.1.0
7fd5d398a000-7fd5d398b000 rw-p 00005000 08:05 1972480                    /usr/lib/x86_64-linux-gnu/libXtst.so.6.1.0
7fd5d398b000-7fd5d3994000 r-xp 00000000 08:05 1972474                    /usr/lib/x86_64-linux-gnu/libXrender.so.1.3.0
7fd5d3994000-7fd5d3b93000 ---p 00009000 08:05 1972474                    /usr/lib/x86_64-linux-gnu/libXrender.so.1.3.0
7fd5d3b93000-7fd5d3b94000 r--p 00008000 08:05 1972474                    /usr/lib/x86_64-linux-gnu/libXrender.so.1.3.0
7fd5d3b94000-7fd5d3b95000 rw-p 00009000 08:05 1972474                    /usr/lib/x86_64-linux-gnu/libXrender.so.1.3.0
7fd5d3b95000-7fd5d3ba6000 r-xp 00000000 08:05 1972452                    /usr/lib/x86_64-linux-gnu/libXext.so.6.4.0
7fd5d3ba6000-7fd5d3da5000 ---p 00011000 08:05 1972452                    /usr/lib/x86_64-linux-gnu/libXext.so.6.4.0
7fd5d3da5000-7fd5d3da6000 r--p 00010000 08:05 1972452                    /usr/lib/x86_64-linux-gnu/libXext.so.6.4.0
7fd5d3da6000-7fd5d3da7000 rw-p 00011000 08:05 1972452                    /usr/lib/x86_64-linux-gnu/libXext.so.6.4.0
7fd5d3da7000-7fd5d3dfb000 r-xp 00000000 08:05 1975707                    /usr/lib/jvm/jdk1.8.0_60/jre/lib/amd64/libawt_xawt.so
7fd5d3dfb000-7fd5d3ffb000 ---p 00054000 08:05 1975707                    /usr/lib/jvm/jdk1.8.0_60/jre/lib/amd64/libawt_xawt.so
7fd5d3ffb000-7fd5d3fff000 rw-p 00054000 08:05 1975707                    /usr/lib/jvm/jdk1.8.0_60/jre/lib/amd64/libawt_xawt.so
7fd5d3fff000-7fd5d4000000 rw-p 00000000 00:00 0 
7fd5d4000000-7fd5d4021000 rw-p 00000000 00:00 0 
7fd5d4021000-7fd5d8000000 ---p 00000000 00:00 0 
7fd5d8000000-7fd5d8001000 r--s 00000000 08:05 2493850                    /var/cache/fontconfig/4794a0821666d79190d59a36cb4f44b5-le64.cache-4
7fd5d8001000-7fd5d8002000 r--s 00000000 08:05 2493867                    /var/cache/fontconfig/bab58bb527bb656aaa9f116d68a48d89-le64.cache-4
7fd5d8002000-7fd5d8006000 r--s 00000000 08:05 2493854                    /var/cache/fontconfig/7ef2298fde41cc6eeb7af42e48b7d293-le64.cache-4
7fd5d8058000-7fd5d805f000 rw-s 00000000 00:05 131268633                  /SYSV00000000 (deleted)
7fd5d805f000-7fd5d8063000 r--s 00095000 08:05 1975741                    /usr/lib/jvm/jdk1.8.0_60/jre/lib/jsse.jar
7fd5d8063000-7fd5d8069000 r--s 002f8000 08:05 1975654                    /usr/lib/jvm/jdk1.8.0_60/jre/lib/charsets.jar
7fd5d8069000-7fd5d80ad000 r--p 00000000 08:05 2749600                    /usr/share/glib-2.0/schemas/gschemas.compiled
7fd5d80ad000-7fd5d814f000 r-xp 00000000 08:05 1975714                    /usr/lib/jvm/jdk1.8.0_60/jre/lib/amd64/libawt.so
7fd5d814f000-7fd5d834f000 ---p 000a2000 08:05 1975714                    /usr/lib/jvm/jdk1.8.0_60/jre/lib/amd64/libawt.so
7fd5d834f000-7fd5d835b000 rw-p 000a2000 08:05 1975714                    /usr/lib/jvm/jdk1.8.0_60/jre/lib/amd64/libawt.so
7fd5d835b000-7fd5d837f000 rw-p 00000000 00:00 0 
7fd5d837f000-7fd5d8380000 ---p 00000000 00:00 0 
7fd5d8380000-7fd5d8480000 rw-p 00000000 00:00 0                          [stack:4819]
7fd5d8480000-7fd5d8483000 ---p 00000000 00:00 0 
7fd5d8483000-7fd5d8581000 rw-p 00000000 00:00 0                          [stack:4818]
7fd5d8581000-7fd5d8584000 ---p 00000000 00:00 0 
7fd5d8584000-7fd5d8682000 rw-p 00000000 00:00 0                          [stack:4817]
7fd5d8682000-7fd5d8685000 ---p 00000000 00:00 0 
7fd5d8685000-7fd5d8783000 rw-p 00000000 00:00 0                          [stack:4816]
7fd5d8783000-7fd5d8786000 ---p 00000000 00:00 0 
7fd5d8786000-7fd5d8884000 rw-p 00000000 00:00 0                          [stack:4815]
7fd5d8884000-7fd5d8887000 ---p 00000000 00:00 0 
7fd5d8887000-7fd5d8985000 rw-p 00000000 00:00 0                          [stack:4814]
7fd5d8985000-7fd5d898a000 r-xp 00000000 08:05 1972450                    /usr/lib/x86_64-linux-gnu/libXdmcp.so.6.0.0
7fd5d898a000-7fd5d8b89000 ---p 00005000 08:05 1972450                    /usr/lib/x86_64-linux-gnu/libXdmcp.so.6.0.0
7fd5d8b89000-7fd5d8b8a000 r--p 00004000 08:05 1972450                    /usr/lib/x86_64-linux-gnu/libXdmcp.so.6.0.0
7fd5d8b8a000-7fd5d8b8b000 rw-p 00005000 08:05 1972450                    /usr/lib/x86_64-linux-gnu/libXdmcp.so.6.0.0
7fd5d8b8b000-7fd5d8b8d000 r-xp 00000000 08:05 1972439                    /usr/lib/x86_64-linux-gnu/libXau.so.6.0.0
7fd5d8b8d000-7fd5d8d8d000 ---p 00002000 08:05 1972439                    /usr/lib/x86_64-linux-gnu/libXau.so.6.0.0
7fd5d8d8d000-7fd5d8d8e000 r--p 00002000 08:05 1972439                    /usr/lib/x86_64-linux-gnu/libXau.so.6.0.0
7fd5d8d8e000-7fd5d8d8f000 rw-p 00003000 08:05 1972439                    /usr/lib/x86_64-linux-gnu/libXau.so.6.0.0
7fd5d8d8f000-7fd5d8dac000 r-xp 00000000 08:05 1973637                    /usr/lib/x86_64-linux-gnu/libxcb.so.1.1.0
7fd5d8dac000-7fd5d8fac000 ---p 0001d000 08:05 1973637                    /usr/lib/x86_64-linux-gnu/libxcb.so.1.1.0
7fd5d8fac000-7fd5d8fad000 r--p 0001d000 08:05 1973637                    /usr/lib/x86_64-linux-gnu/libxcb.so.1.1.0
7fd5d8fad000-7fd5d8fae000 rw-p 0001e000 08:05 1973637                    /usr/lib/x86_64-linux-gnu/libxcb.so.1.1.0
7fd5d8fae000-7fd5d90e1000 r-xp 00000000 08:05 1972435                    /usr/lib/x86_64-linux-gnu/libX11.so.6.3.0
7fd5d90e1000-7fd5d92e1000 ---p 00133000 08:05 1972435                    /usr/lib/x86_64-linux-gnu/libX11.so.6.3.0
7fd5d92e1000-7fd5d92e2000 r--p 00133000 08:05 1972435                    /usr/lib/x86_64-linux-gnu/libX11.so.6.3.0
7fd5d92e2000-7fd5d92e6000 rw-p 00134000 08:05 1972435                    /usr/lib/x86_64-linux-gnu/libX11.so.6.3.0
7fd5d92e6000-7fd5d92e7000 rw-p 00000000 00:00 0 
7fd5d92e7000-7fd5d92e8000 r--s 00000000 08:05 2493853                    /var/cache/fontconfig/56cf4f4769d0f4abc89a4895d7bd3ae1-le64.cache-4
7fd5d92e8000-7fd5d92e9000 r--s 00000000 08:05 2493866                    /var/cache/fontconfig/b9d506c9ac06c20b433354fa67a72993-le64.cache-4
7fd5d92ec000-7fd5d92ff000 r--s 00344000 08:05 1975768                    /usr/lib/jvm/jdk1.8.0_60/jre/lib/resources.jar
7fd5d92ff000-7fd5d9301000 r-xp 00000000 08:05 1967774                    /usr/lib/jayatana/libjayatanaag.so
7fd5d9301000-7fd5d9500000 ---p 00002000 08:05 1967774                    /usr/lib/jayatana/libjayatanaag.so
7fd5d9500000-7fd5d9501000 r--p 00001000 08:05 1967774                    /usr/lib/jayatana/libjayatanaag.so
7fd5d9501000-7fd5d9502000 rw-p 00002000 08:05 1967774                    /usr/lib/jayatana/libjayatanaag.so
7fd5d9502000-7fd5d9505000 ---p 00000000 00:00 0 
7fd5d9505000-7fd5d9603000 rw-p 00000000 00:00 0                          [stack:4813]
7fd5d9603000-7fd5d9ce5000 r--p 00000000 08:05 1971066                    /usr/lib/locale/locale-archive
7fd5d9ce5000-7fd5d9ce8000 ---p 00000000 00:00 0 
7fd5d9ce8000-7fd5d9de6000 rw-p 00000000 00:00 0                          [stack:4812]
7fd5d9de6000-7fd5d9de9000 ---p 00000000 00:00 0 
7fd5d9de9000-7fd5d9ee7000 rw-p 00000000 00:00 0                          [stack:4811]
7fd5d9ee7000-7fd5d9ee8000 ---p 00000000 00:00 0 
7fd5d9ee8000-7fd5dc000000 rw-p 00000000 00:00 0                          [stack:4810]
7fd5dc000000-7fd5dc021000 rw-p 00000000 00:00 0 
7fd5dc021000-7fd5e0000000 ---p 00000000 00:00 0 
7fd5e0000000-7fd5e0001000 r--s 00000000 08:05 2493852                    /var/cache/fontconfig/551ecf3b0e8b0bca0f25c0944f561853-le64.cache-4
7fd5e0001000-7fd5e005e000 r--s 00496000 08:05 2232160                    /usr/local/netbeans-8.0.2/java/modules/ext/hibernate4/hibernate-core-4.3.1.Final.jar
7fd5e005e000-7fd5e4000000 rw-p 00000000 00:00 0 
7fd5e4000000-7fd5e4021000 rw-p 00000000 00:00 0 
7fd5e4021000-7fd5e8000000 ---p 00000000 00:00 0 
7fd5e8000000-7fd5e8001000 r--s 00000000 08:05 2493841                    /var/cache/fontconfig/0c9eb80ebd1c36541ebe2852d3bb0c49-le64.cache-4
7fd5e8001000-7fd5e8006000 r--p 00000000 08:05 140142                     /home/frankcumaio/.config/dconf/user (deleted)
7fd5e8006000-7fd5e8007000 r--s 00000000 00:28 53833                      /run/user/1000/dconf/user (deleted)
7fd5e8007000-7fd5e8009000 r--s 00006000 08:05 2366857                    /usr/share/java/jayatana.jar
7fd5e8009000-7fd5e800a000 r--s 00000000 08:05 2366858                    /usr/share/java/jayatanaag.jar
7fd5e800a000-7fd5e8012000 r--s 000c4000 08:05 2106247                    /usr/local/netbeans-8.0.2/ide/modules/ext/mysql-connector-java-5.1.23-bin.jar
7fd5e8012000-7fd5e801b000 r--s 000e4000 08:05 272692                     /home/frankcumaio/workspace/restaurantePOS/mysql-connector-java-5.1.35-bin.jar
7fd5e801b000-7fd5e8021000 r--s 00017000 08:05 2231856                    /usr/local/netbeans-8.0.2/java/modules/ext/hibernate4/hibernate-jpa-2.1-api-1.0.0.Final.jar
7fd5e8021000-7fd5e8022000 r--s 00001000 08:05 2232458                    /usr/local/netbeans-8.0.2/java/modules/ext/hibernate4/slf4j-simple-1.6.1.jar
7fd5e8022000-7fd5e8024000 r--s 00005000 08:05 2232549                    /usr/local/netbeans-8.0.2/java/modules/ext/hibernate4/slf4j-api-1.6.1.jar
7fd5e8024000-7fd5e802e000 r--s 000a2000 08:05 2232423                    /usr/local/netbeans-8.0.2/java/modules/ext/hibernate4/javassist-3.18.1-GA.jar
7fd5e802e000-7fd5e803c000 r--s 00090000 08:05 2231796                    /usr/local/netbeans-8.0.2/java/modules/ext/hibernate4/hibernate-entitymanager-4.3.1.Final.jar
7fd5e803c000-7fd5e803f000 r--s 00010000 08:05 2231687                    /usr/local/netbeans-8.0.2/java/modules/ext/hibernate4/hibernate-commons-annotations-4.0.4.Final.jar
7fd5e803f000-7fd5e8140000 rw-p 00000000 00:00 0 
7fd5e8140000-7fd5e8318000 r--s 03d17000 08:05 1975738                    /usr/lib/jvm/jdk1.8.0_60/jre/lib/rt.jar
7fd5e8318000-7fd5e8768000 rw-p 00000000 00:00 0 
7fd5e8768000-7fd5e8769000 ---p 00000000 00:00 0 
7fd5e8769000-7fd5e8869000 rw-p 00000000 00:00 0                          [stack:4809]
7fd5e8869000-7fd5e886a000 ---p 00000000 00:00 0 
7fd5e886a000-7fd5e896a000 rw-p 00000000 00:00 0                          [stack:4808]
7fd5e896a000-7fd5e896b000 ---p 00000000 00:00 0 
7fd5e896b000-7fd5e8a6b000 rw-p 00000000 00:00 0                          [stack:4807]
7fd5e8a6b000-7fd5e8a6c000 ---p 00000000 00:00 0 
7fd5e8a6c000-7fd5e8b6c000 rw-p 00000000 00:00 0                          [stack:4806]
7fd5e8b6c000-7fd5e8b6d000 ---p 00000000 00:00 0 
7fd5e8b6d000-7fd5e8c6d000 rw-p 00000000 00:00 0                          [stack:4805]
7fd5e8c6d000-7fd5e8c6e000 ---p 00000000 00:00 0 
7fd5e8c6e000-7fd5e8d89000 rw-p 00000000 00:00 0                          [stack:4804]
7fd5e8d89000-7fd5e9000000 ---p 00000000 00:00 0 
7fd5e9000000-7fd5e9910000 rwxp 00000000 00:00 0 
7fd5e9910000-7fd5f8000000 ---p 00000000 00:00 0 
7fd5f8000000-7fd5f8601000 rw-p 00000000 00:00 0 
7fd5f8601000-7fd5fc000000 ---p 00000000 00:00 0 
7fd5fc000000-7fd5fc001000 r--s 00006000 08:05 2231682                    /usr/local/netbeans-8.0.2/java/modules/ext/hibernate4/jboss-transaction-api_1.2_spec-1.0.0.Final.jar
7fd5fc001000-7fd5fc004000 r--s 0000c000 08:05 2232313                    /usr/local/netbeans-8.0.2/java/modules/ext/hibernate4/jboss-logging-3.1.3.GA.jar
7fd5fc004000-7fd5fc007000 r--s 0001e000 08:05 2232037                    /usr/local/netbeans-8.0.2/java/modules/ext/hibernate4/hibernate-ehcache-4.3.1.Final.jar
7fd5fc007000-7fd5fc01c000 r--s 000e1000 08:05 2232459                    /usr/local/netbeans-8.0.2/java/modules/ext/hibernate4/ehcache-core-2.4.3.jar
7fd5fc01c000-7fd5fc021000 r--s 00047000 08:05 2232615                    /usr/local/netbeans-8.0.2/java/modules/ext/hibernate4/dom4j-1.6.1.jar
7fd5fc021000-7fd5fc022000 ---p 00000000 00:00 0 
7fd5fc022000-7fd5fc122000 rw-p 00000000 00:00 0                          [stack:4803]
7fd5fc122000-7fd5fc123000 ---p 00000000 00:00 0 
7fd5fc123000-7fd5fc23e000 rw-p 00000000 00:00 0                          [stack:4802]
7fd5fc23e000-7fd5fc4b4000 ---p 00000000 00:00 0 
7fd5fc4b4000-7fd5fc4d9000 rw-p 00000000 00:00 0 
7fd5fc4d9000-7fd5fc5fd000 ---p 00000000 00:00 0 
7fd5fc5fd000-7fd5fc623000 rw-p 00000000 00:00 0 
7fd5fc623000-7fd5fc9be000 ---p 00000000 00:00 0 
7fd5fc9be000-7fd5fc9d8000 r-xp 00000000 08:05 1975688                    /usr/lib/jvm/jdk1.8.0_60/jre/lib/amd64/libzip.so
7fd5fc9d8000-7fd5fcbd8000 ---p 0001a000 08:05 1975688                    /usr/lib/jvm/jdk1.8.0_60/jre/lib/amd64/libzip.so
7fd5fcbd8000-7fd5fcbd9000 rw-p 0001a000 08:05 1975688                    /usr/lib/jvm/jdk1.8.0_60/jre/lib/amd64/libzip.so
7fd5fcbd9000-7fd5fcbe5000 r-xp 00000000 08:05 789751                     /lib/x86_64-linux-gnu/libnss_files-2.21.so
7fd5fcbe5000-7fd5fcde4000 ---p 0000c000 08:05 789751                     /lib/x86_64-linux-gnu/libnss_files-2.21.so
7fd5fcde4000-7fd5fcde5000 r--p 0000b000 08:05 789751                     /lib/x86_64-linux-gnu/libnss_files-2.21.so
7fd5fcde5000-7fd5fcde6000 rw-p 0000c000 08:05 789751                     /lib/x86_64-linux-gnu/libnss_files-2.21.so
7fd5fcde6000-7fd5fcdf1000 r-xp 00000000 08:05 789761                     /lib/x86_64-linux-gnu/libnss_nis-2.21.so
7fd5fcdf1000-7fd5fcff0000 ---p 0000b000 08:05 789761                     /lib/x86_64-linux-gnu/libnss_nis-2.21.so
7fd5fcff0000-7fd5fcff1000 r--p 0000a000 08:05 789761                     /lib/x86_64-linux-gnu/libnss_nis-2.21.so
7fd5fcff1000-7fd5fcff2000 rw-p 0000b000 08:05 789761                     /lib/x86_64-linux-gnu/libnss_nis-2.21.so
7fd5fcff2000-7fd5fd009000 r-xp 00000000 08:05 789745                     /lib/x86_64-linux-gnu/libnsl-2.21.so
7fd5fd009000-7fd5fd208000 ---p 00017000 08:05 789745                     /lib/x86_64-linux-gnu/libnsl-2.21.so
7fd5fd208000-7fd5fd209000 r--p 00016000 08:05 789745                     /lib/x86_64-linux-gnu/libnsl-2.21.so
7fd5fd209000-7fd5fd20a000 rw-p 00017000 08:05 789745                     /lib/x86_64-linux-gnu/libnsl-2.21.so
7fd5fd20a000-7fd5fd20c000 rw-p 00000000 00:00 0 
7fd5fd20c000-7fd5fd214000 r-xp 00000000 08:05 789747                     /lib/x86_64-linux-gnu/libnss_compat-2.21.so
7fd5fd214000-7fd5fd413000 ---p 00008000 08:05 789747                     /lib/x86_64-linux-gnu/libnss_compat-2.21.so
7fd5fd413000-7fd5fd414000 r--p 00007000 08:05 789747                     /lib/x86_64-linux-gnu/libnss_compat-2.21.so
7fd5fd414000-7fd5fd415000 rw-p 00008000 08:05 789747                     /lib/x86_64-linux-gnu/libnss_compat-2.21.so
7fd5fd415000-7fd5fd41f000 r-xp 00000000 08:05 1975695                    /usr/lib/jvm/jdk1.8.0_60/jre/lib/amd64/libinstrument.so
7fd5fd41f000-7fd5fd61e000 ---p 0000a000 08:05 1975695                    /usr/lib/jvm/jdk1.8.0_60/jre/lib/amd64/libinstrument.so
7fd5fd61e000-7fd5fd61f000 rw-p 00009000 08:05 1975695                    /usr/lib/jvm/jdk1.8.0_60/jre/lib/amd64/libinstrument.so
7fd5fd61f000-7fd5fd649000 r-xp 00000000 08:05 1975666                    /usr/lib/jvm/jdk1.8.0_60/jre/lib/amd64/libjava.so
7fd5fd649000-7fd5fd849000 ---p 0002a000 08:05 1975666                    /usr/lib/jvm/jdk1.8.0_60/jre/lib/amd64/libjava.so
7fd5fd849000-7fd5fd84b000 rw-p 0002a000 08:05 1975666                    /usr/lib/jvm/jdk1.8.0_60/jre/lib/amd64/libjava.so
7fd5fd84b000-7fd5fd858000 r-xp 00000000 08:05 1975682                    /usr/lib/jvm/jdk1.8.0_60/jre/lib/amd64/libverify.so
7fd5fd858000-7fd5fda58000 ---p 0000d000 08:05 1975682                    /usr/lib/jvm/jdk1.8.0_60/jre/lib/amd64/libverify.so
7fd5fda58000-7fd5fda5a000 rw-p 0000d000 08:05 1975682                    /usr/lib/jvm/jdk1.8.0_60/jre/lib/amd64/libverify.so
7fd5fda5a000-7fd5fda61000 r-xp 00000000 08:05 789806                     /lib/x86_64-linux-gnu/librt-2.21.so
7fd5fda61000-7fd5fdc60000 ---p 00007000 08:05 789806                     /lib/x86_64-linux-gnu/librt-2.21.so
7fd5fdc60000-7fd5fdc61000 r--p 00006000 08:05 789806                     /lib/x86_64-linux-gnu/librt-2.21.so
7fd5fdc61000-7fd5fdc62000 rw-p 00007000 08:05 789806                     /lib/x86_64-linux-gnu/librt-2.21.so
7fd5fdc62000-7fd5fdd69000 r-xp 00000000 08:05 789724                     /lib/x86_64-linux-gnu/libm-2.21.so
7fd5fdd69000-7fd5fdf68000 ---p 00107000 08:05 789724                     /lib/x86_64-linux-gnu/libm-2.21.so
7fd5fdf68000-7fd5fdf69000 r--p 00106000 08:05 789724                     /lib/x86_64-linux-gnu/libm-2.21.so
7fd5fdf69000-7fd5fdf6a000 rw-p 00107000 08:05 789724                     /lib/x86_64-linux-gnu/libm-2.21.so
7fd5fdf6a000-7fd5fec28000 r-xp 00000000 08:05 1975704                    /usr/lib/jvm/jdk1.8.0_60/jre/lib/amd64/server/libjvm.so
7fd5fec28000-7fd5fee27000 ---p 00cbe000 08:05 1975704                    /usr/lib/jvm/jdk1.8.0_60/jre/lib/amd64/server/libjvm.so
7fd5fee27000-7fd5feeff000 rw-p 00cbd000 08:05 1975704                    /usr/lib/jvm/jdk1.8.0_60/jre/lib/amd64/server/libjvm.so
7fd5feeff000-7fd5fef44000 rw-p 00000000 00:00 0 
7fd5fef44000-7fd5ff104000 r-xp 00000000 08:05 789665                     /lib/x86_64-linux-gnu/libc-2.21.so
7fd5ff104000-7fd5ff304000 ---p 001c0000 08:05 789665                     /lib/x86_64-linux-gnu/libc-2.21.so
7fd5ff304000-7fd5ff308000 r--p 001c0000 08:05 789665                     /lib/x86_64-linux-gnu/libc-2.21.so
7fd5ff308000-7fd5ff30a000 rw-p 001c4000 08:05 789665                     /lib/x86_64-linux-gnu/libc-2.21.so
7fd5ff30a000-7fd5ff30e000 rw-p 00000000 00:00 0 
7fd5ff30e000-7fd5ff311000 r-xp 00000000 08:05 789682                     /lib/x86_64-linux-gnu/libdl-2.21.so
7fd5ff311000-7fd5ff510000 ---p 00003000 08:05 789682                     /lib/x86_64-linux-gnu/libdl-2.21.so
7fd5ff510000-7fd5ff511000 r--p 00002000 08:05 789682                     /lib/x86_64-linux-gnu/libdl-2.21.so
7fd5ff511000-7fd5ff512000 rw-p 00003000 08:05 789682                     /lib/x86_64-linux-gnu/libdl-2.21.so
7fd5ff512000-7fd5ff527000 r-xp 00000000 08:05 1974749                    /usr/lib/jvm/jdk1.8.0_60/lib/amd64/jli/libjli.so
7fd5ff527000-7fd5ff727000 ---p 00015000 08:05 1974749                    /usr/lib/jvm/jdk1.8.0_60/lib/amd64/jli/libjli.so
7fd5ff727000-7fd5ff728000 rw-p 00015000 08:05 1974749                    /usr/lib/jvm/jdk1.8.0_60/lib/amd64/jli/libjli.so
7fd5ff728000-7fd5ff740000 r-xp 00000000 08:05 789798                     /lib/x86_64-linux-gnu/libpthread-2.21.so
7fd5ff740000-7fd5ff940000 ---p 00018000 08:05 789798                     /lib/x86_64-linux-gnu/libpthread-2.21.so
7fd5ff940000-7fd5ff941000 r--p 00018000 08:05 789798                     /lib/x86_64-linux-gnu/libpthread-2.21.so
7fd5ff941000-7fd5ff942000 rw-p 00019000 08:05 789798                     /lib/x86_64-linux-gnu/libpthread-2.21.so
7fd5ff942000-7fd5ff946000 rw-p 00000000 00:00 0 
7fd5ff946000-7fd5ff96a000 r-xp 00000000 08:05 789637                     /lib/x86_64-linux-gnu/ld-2.21.so
7fd5ff96a000-7fd5ff979000 r--s 00080000 08:05 2232088                    /usr/local/netbeans-8.0.2/java/modules/ext/hibernate4/mchange-commons-java-0.2.3.4.jar
7fd5ff979000-7fd5ffa4a000 rw-p 00000000 00:00 0 
7fd5ffa4a000-7fd5ffa4d000 ---p 00000000 00:00 0 
7fd5ffa4d000-7fd5ffb4f000 rw-p 00000000 00:00 0                          [stack:4801]
7fd5ffb4f000-7fd5ffb50000 r--s 00009000 08:05 2232159                    /usr/local/netbeans-8.0.2/java/modules/ext/hibernate4/hibernate-c3p0-4.3.1.Final.jar
7fd5ffb50000-7fd5ffb57000 r--s 00061000 08:05 2232596                    /usr/local/netbeans-8.0.2/java/modules/ext/hibernate4/c3p0-0.9.2.1.jar
7fd5ffb57000-7fd5ffb5c000 r--s 00066000 08:05 2232616                    /usr/local/netbeans-8.0.2/java/modules/ext/hibernate4/antlr-2.7.7.jar
7fd5ffb5c000-7fd5ffb5d000 r--s 00012000 08:05 272653                     /home/frankcumaio/workspace/restaurantePOS/miglayout15-swing.jar
7fd5ffb5d000-7fd5ffb65000 rw-s 00000000 08:05 1831464                    /tmp/hsperfdata_frankcumaio/4797
7fd5ffb65000-7fd5ffb66000 rw-p 00000000 00:00 0 
7fd5ffb66000-7fd5ffb67000 r--p 00000000 00:00 0 
7fd5ffb67000-7fd5ffb69000 rw-p 00000000 00:00 0 
7fd5ffb69000-7fd5ffb6a000 r--p 00023000 08:05 789637                     /lib/x86_64-linux-gnu/ld-2.21.so
7fd5ffb6a000-7fd5ffb6b000 rw-p 00024000 08:05 789637                     /lib/x86_64-linux-gnu/ld-2.21.so
7fd5ffb6b000-7fd5ffb6c000 rw-p 00000000 00:00 0 
7ffdf497d000-7ffdf499e000 rw-p 00000000 00:00 0                          [stack]
7ffdf49cd000-7ffdf49cf000 r--p 00000000 00:00 0                          [vvar]
7ffdf49cf000-7ffdf49d1000 r-xp 00000000 00:00 0                          [vdso]
ffffffffff600000-ffffffffff601000 r-xp 00000000 00:00 0                  [vsyscall]

VM Arguments:
jvm_args: -javaagent:/usr/share/java/jayatanaag.jar -Dfile.encoding=UTF-8 
java_command: restaurantePOS.Vendas
java_class_path (initial): /home/frankcumaio/workspace/restaurantePOS/miglayout15-swing.jar:/usr/local/netbeans-8.0.2/java/modules/ext/hibernate4/antlr-2.7.7.jar:/usr/local/netbeans-8.0.2/java/modules/ext/hibernate4/c3p0-0.9.2.1.jar:/usr/local/netbeans-8.0.2/java/modules/ext/hibernate4/hibernate-c3p0-4.3.1.Final.jar:/usr/local/netbeans-8.0.2/java/modules/ext/hibernate4/mchange-commons-java-0.2.3.4.jar:/usr/local/netbeans-8.0.2/java/modules/ext/hibernate4/dom4j-1.6.1.jar:/usr/local/netbeans-8.0.2/java/modules/ext/hibernate4/ehcache-core-2.4.3.jar:/usr/local/netbeans-8.0.2/java/modules/ext/hibernate4/hibernate-ehcache-4.3.1.Final.jar:/usr/local/netbeans-8.0.2/java/modules/ext/hibernate4/hibernate-core-4.3.1.Final.jar:/usr/local/netbeans-8.0.2/java/modules/ext/hibernate4/jboss-logging-3.1.3.GA.jar:/usr/local/netbeans-8.0.2/java/modules/ext/hibernate4/hibernate-commons-annotations-4.0.4.Final.jar:/usr/local/netbeans-8.0.2/java/modules/ext/hibernate4/hibernate-entitymanager-4.3.1.Final.jar:/usr/local/netbeans-8.0.2/java/modules/ext/hibernate4/javassist-3.18.1-GA.jar:/usr/local/netbeans-8.0.2/java/modules/ext/hibernate4/jboss-transaction-api_1.2_spec-1.0.0.Final.jar:/usr/local/netbeans-8.0.2/java/modules/ext/hibernate4/slf4j-api-1.6.1.jar:/usr/local/netbeans-8.0.2/java/modules/ext/hibernate4/slf4j-simple-1.6.1.jar:/usr/local/netbeans-8.0.2/java/modules/ext/hibernate4/hibernate-jpa-2.1-api-1.0.0.Final.jar:/home/frankcumaio/workspace/restaurantePOS/mysql-connector-java-5.1.35-bin.jar:/usr/local/netbeans-8.0.2/ide/modules/ext/mysql-connector-java-5.1.23-bin.jar:/home/frankcumaio/workspace/restaurantePOS/build/classes:/usr/share/java/jayatanaag.jar
Launcher Type: SUN_STANDARD

Environment Variables:
JAVA_HOME=/usr/lib/jvm/jdk1.8.0_60
JAVA_TOOL_OPTIONS=-javaagent:/usr/share/java/jayatanaag.jar 
PATH=/usr/local/sbin:/usr/local/bin:/usr/sbin:/usr/bin:/sbin:/bin:/usr/games:/usr/local/games:
LD_LIBRARY_PATH=/usr/lib/jvm/jdk1.8.0_60/jre/lib/amd64:/usr/lib/jvm/jdk1.8.0_60/jre/lib/i386:
SHELL=/bin/bash
DISPLAY=:0

Signal Handlers:
SIGSEGV: [libjvm.so+0xaba070], sa_mask[0]=11111111011111111101111111111110, sa_flags=SA_RESTART|SA_SIGINFO
SIGBUS: [libjvm.so+0xaba070], sa_mask[0]=11111111011111111101111111111110, sa_flags=SA_RESTART|SA_SIGINFO
SIGFPE: [libjvm.so+0x917630], sa_mask[0]=11111111011111111101111111111110, sa_flags=SA_RESTART|SA_SIGINFO
SIGPIPE: SIG_IGN, sa_mask[0]=00000000000010000000000000000000, sa_flags=SA_RESTART
SIGXFSZ: [libjvm.so+0x917630], sa_mask[0]=11111111011111111101111111111110, sa_flags=SA_RESTART|SA_SIGINFO
SIGILL: [libjvm.so+0x917630], sa_mask[0]=11111111011111111101111111111110, sa_flags=SA_RESTART|SA_SIGINFO
SIGUSR1: SIG_DFL, sa_mask[0]=00000000000000000000000000000000, sa_flags=none
SIGUSR2: [libjvm.so+0x918c60], sa_mask[0]=00100000000000000000000000000000, sa_flags=SA_RESTART|SA_SIGINFO
SIGHUP: [libjvm.so+0x91a060], sa_mask[0]=11111111011111111101111111111110, sa_flags=SA_RESTART|SA_SIGINFO
SIGINT: SIG_IGN, sa_mask[0]=00000000000000000000000000000000, sa_flags=none
SIGTERM: [libjvm.so+0x91a060], sa_mask[0]=11111111011111111101111111111110, sa_flags=SA_RESTART|SA_SIGINFO
SIGQUIT: [libjvm.so+0x91a060], sa_mask[0]=11111111011111111101111111111110, sa_flags=SA_RESTART|SA_SIGINFO


---------------  S Y S T E M  ---------------

OS:DISTRIB_ID=Ubuntu
DISTRIB_RELEASE=15.04
DISTRIB_CODENAME=vivid
DISTRIB_DESCRIPTION="Ubuntu 15.04"

uname:Linux 3.19.0-26-generic #28-Ubuntu SMP Tue Aug 11 14:16:32 UTC 2015 x86_64
libc:glibc 2.21 NPTL 2.21 
rlimit: STACK 8192k, CORE 0k, NPROC 31446, NOFILE 65536, AS infinity
load average:1.67 0.81 0.70

/proc/meminfo:
MemTotal:        8072644 kB
MemFree:         2711512 kB
MemAvailable:    5336476 kB
Buffers:          151464 kB
Cached:          2926120 kB
SwapCached:            0 kB
Active:          3694876 kB
Inactive:        1379468 kB
Active(anon):    1999624 kB
Inactive(anon):   357352 kB
Active(file):    1695252 kB
Inactive(file):  1022116 kB
Unevictable:          48 kB
Mlocked:              48 kB
SwapTotal:             0 kB
SwapFree:              0 kB
Dirty:              2240 kB
Writeback:          2140 kB
AnonPages:       1987080 kB
Mapped:           265088 kB
Shmem:            359532 kB
Slab:             193392 kB
SReclaimable:     153064 kB
SUnreclaim:        40328 kB
KernelStack:       12544 kB
PageTables:        15652 kB
NFS_Unstable:          0 kB
Bounce:                0 kB
WritebackTmp:          0 kB
CommitLimit:     4036320 kB
Committed_AS:    4669744 kB
VmallocTotal:   34359738367 kB
VmallocUsed:      576652 kB
VmallocChunk:   34359095216 kB
HardwareCorrupted:     0 kB
AnonHugePages:   1525760 kB
CmaTotal:              0 kB
CmaFree:               0 kB
HugePages_Total:       0
HugePages_Free:        0
HugePages_Rsvd:        0
HugePages_Surp:        0
Hugepagesize:       2048 kB
DirectMap4k:      175868 kB
DirectMap2M:     8110080 kB


CPU:total 8 (4 cores per cpu, 2 threads per core) family 6 model 58 stepping 9, cmov, cx8, fxsr, mmx, sse, sse2, sse3, ssse3, sse4.1, sse4.2, popcnt, avx, aes, clmul, erms, ht, tsc, tscinvbit, tscinv

/proc/cpuinfo:
processor	: 0
vendor_id	: GenuineIntel
cpu family	: 6
model		: 58
model name	: Intel(R) Core(TM) i7-3610QM CPU @ 2.30GHz
stepping	: 9
microcode	: 0x12
cpu MHz		: 3099.968
cache size	: 6144 KB
physical id	: 0
siblings	: 8
core id		: 0
cpu cores	: 4
apicid		: 0
initial apicid	: 0
fpu		: yes
fpu_exception	: yes
cpuid level	: 13
wp		: yes
flags		: fpu vme de pse tsc msr pae mce cx8 apic sep mtrr pge mca cmov pat pse36 clflush dts acpi mmx fxsr sse sse2 ss ht tm pbe syscall nx rdtscp lm constant_tsc arch_perfmon pebs bts rep_good nopl xtopology nonstop_tsc aperfmperf eagerfpu pni pclmulqdq dtes64 monitor ds_cpl vmx est tm2 ssse3 cx16 xtpr pdcm pcid sse4_1 sse4_2 x2apic popcnt tsc_deadline_timer aes xsave avx f16c rdrand lahf_lm ida arat epb pln pts dtherm tpr_shadow vnmi flexpriority ept vpid fsgsbase smep erms xsaveopt
bugs		:
bogomips	: 4589.34
clflush size	: 64
cache_alignment	: 64
address sizes	: 36 bits physical, 48 bits virtual
power management:

processor	: 1
vendor_id	: GenuineIntel
cpu family	: 6
model		: 58
model name	: Intel(R) Core(TM) i7-3610QM CPU @ 2.30GHz
stepping	: 9
microcode	: 0x12
cpu MHz		: 3099.968
cache size	: 6144 KB
physical id	: 0
siblings	: 8
core id		: 0
cpu cores	: 4
apicid		: 1
initial apicid	: 1
fpu		: yes
fpu_exception	: yes
cpuid level	: 13
wp		: yes
flags		: fpu vme de pse tsc msr pae mce cx8 apic sep mtrr pge mca cmov pat pse36 clflush dts acpi mmx fxsr sse sse2 ss ht tm pbe syscall nx rdtscp lm constant_tsc arch_perfmon pebs bts rep_good nopl xtopology nonstop_tsc aperfmperf eagerfpu pni pclmulqdq dtes64 monitor ds_cpl vmx est tm2 ssse3 cx16 xtpr pdcm pcid sse4_1 sse4_2 x2apic popcnt tsc_deadline_timer aes xsave avx f16c rdrand lahf_lm arat epb pln pts dtherm tpr_shadow vnmi flexpriority ept vpid fsgsbase smep erms xsaveopt
bugs		:
bogomips	: 4589.34
clflush size	: 64
cache_alignment	: 64
address sizes	: 36 bits physical, 48 bits virtual
power management:

processor	: 2
vendor_id	: GenuineIntel
cpu family	: 6
model		: 58
model name	: Intel(R) Core(TM) i7-3610QM CPU @ 2.30GHz
stepping	: 9
microcode	: 0x12
cpu MHz		: 3099.968
cache size	: 6144 KB
physical id	: 0
siblings	: 8
core id		: 1
cpu cores	: 4
apicid		: 2
initial apicid	: 2
fpu		: yes
fpu_exception	: yes
cpuid level	: 13
wp		: yes
flags		: fpu vme de pse tsc msr pae mce cx8 apic sep mtrr pge mca cmov pat pse36 clflush dts acpi mmx fxsr sse sse2 ss ht tm pbe syscall nx rdtscp lm constant_tsc arch_perfmon pebs bts rep_good nopl xtopology nonstop_tsc aperfmperf eagerfpu pni pclmulqdq dtes64 monitor ds_cpl vmx est tm2 ssse3 cx16 xtpr pdcm pcid sse4_1 sse4_2 x2apic popcnt tsc_deadline_timer aes xsave avx f16c rdrand lahf_lm arat epb pln pts dtherm tpr_shadow vnmi flexpriority ept vpid fsgsbase smep erms xsaveopt
bugs		:
bogomips	: 4589.34
clflush size	: 64
cache_alignment	: 64
address sizes	: 36 bits physical, 48 bits virtual
power management:

processor	: 3
vendor_id	: GenuineIntel
cpu family	: 6
model		: 58
model name	: Intel(R) Core(TM) i7-3610QM CPU @ 2.30GHz
stepping	: 9
microcode	: 0x12
cpu MHz		: 3099.968
cache size	: 6144 KB
physical id	: 0
siblings	: 8
core id		: 1
cpu cores	: 4
apicid		: 3
initial apicid	: 3
fpu		: yes
fpu_exception	: yes
cpuid level	: 13
wp		: yes
flags		: fpu vme de pse tsc msr pae mce cx8 apic sep mtrr pge mca cmov pat pse36 clflush dts acpi mmx fxsr sse sse2 ss ht tm pbe syscall nx rdtscp lm constant_tsc arch_perfmon pebs bts rep_good nopl xtopology nonstop_tsc aperfmperf eagerfpu pni pclmulqdq dtes64 monitor ds_cpl vmx est tm2 ssse3 cx16 xtpr pdcm pcid sse4_1 sse4_2 x2apic popcnt tsc_deadline_timer aes xsave avx f16c rdrand lahf_lm arat epb pln pts dtherm tpr_shadow vnmi flexpriority ept vpid fsgsbase smep erms xsaveopt
bugs		:
bogomips	: 4589.34
clflush size	: 64
cache_alignment	: 64
address sizes	: 36 bits physical, 48 bits virtual
power management:

processor	: 4
vendor_id	: GenuineIntel
cpu family	: 6
model		: 58
model name	: Intel(R) Core(TM) i7-3610QM CPU @ 2.30GHz
stepping	: 9
microcode	: 0x12
cpu MHz		: 3099.968
cache size	: 6144 KB
physical id	: 0
siblings	: 8
core id		: 2
cpu cores	: 4
apicid		: 4
initial apicid	: 4
fpu		: yes
fpu_exception	: yes
cpuid level	: 13
wp		: yes
flags		: fpu vme de pse tsc msr pae mce cx8 apic sep mtrr pge mca cmov pat pse36 clflush dts acpi mmx fxsr sse sse2 ss ht tm pbe syscall nx rdtscp lm constant_tsc arch_perfmon pebs bts rep_good nopl xtopology nonstop_tsc aperfmperf eagerfpu pni pclmulqdq dtes64 monitor ds_cpl vmx est tm2 ssse3 cx16 xtpr pdcm pcid sse4_1 sse4_2 x2apic popcnt tsc_deadline_timer aes xsave avx f16c rdrand lahf_lm arat epb pln pts dtherm tpr_shadow vnmi flexpriority ept vpid fsgsbase smep erms xsaveopt
bugs		:
bogomips	: 4589.34
clflush size	: 64
cache_alignment	: 64
address sizes	: 36 bits physical, 48 bits virtual
power management:

processor	: 5
vendor_id	: GenuineIntel
cpu family	: 6
model		: 58
model name	: Intel(R) Core(TM) i7-3610QM CPU @ 2.30GHz
stepping	: 9
microcode	: 0x12
cpu MHz		: 3099.968
cache size	: 6144 KB
physical id	: 0
siblings	: 8
core id		: 2
cpu cores	: 4
apicid		: 5
initial apicid	: 5
fpu		: yes
fpu_exception	: yes
cpuid level	: 13
wp		: yes
flags		: fpu vme de pse tsc msr pae mce cx8 apic sep mtrr pge mca cmov pat pse36 clflush dts acpi mmx fxsr sse sse2 ss ht tm pbe syscall nx rdtscp lm constant_tsc arch_perfmon pebs bts rep_good nopl xtopology nonstop_tsc aperfmperf eagerfpu pni pclmulqdq dtes64 monitor ds_cpl vmx est tm2 ssse3 cx16 xtpr pdcm pcid sse4_1 sse4_2 x2apic popcnt tsc_deadline_timer aes xsave avx f16c rdrand lahf_lm arat epb pln pts dtherm tpr_shadow vnmi flexpriority ept vpid fsgsbase smep erms xsaveopt
bugs		:
bogomips	: 4589.34
clflush size	: 64
cache_alignment	: 64
address sizes	: 36 bits physical, 48 bits virtual
power management:

processor	: 6
vendor_id	: GenuineIntel
cpu family	: 6
model		: 58
model name	: Intel(R) Core(TM) i7-3610QM CPU @ 2.30GHz
stepping	: 9
microcode	: 0x12
cpu MHz		: 3099.968
cache size	: 6144 KB
physical id	: 0
siblings	: 8
core id		: 3
cpu cores	: 4
apicid		: 6
initial apicid	: 6
fpu		: yes
fpu_exception	: yes
cpuid level	: 13
wp		: yes
flags		: fpu vme de pse tsc msr pae mce cx8 apic sep mtrr pge mca cmov pat pse36 clflush dts acpi mmx fxsr sse sse2 ss ht tm pbe syscall nx rdtscp lm constant_tsc arch_perfmon pebs bts rep_good nopl xtopology nonstop_tsc aperfmperf eagerfpu pni pclmulqdq dtes64 monitor ds_cpl vmx est tm2 ssse3 cx16 xtpr pdcm pcid sse4_1 sse4_2 x2apic popcnt tsc_deadline_timer aes xsave avx f16c rdrand lahf_lm arat epb pln pts dtherm tpr_shadow vnmi flexpriority ept vpid fsgsbase smep erms xsaveopt
bugs		:
bogomips	: 4589.34
clflush size	: 64
cache_alignment	: 64
address sizes	: 36 bits physical, 48 bits virtual
power management:

processor	: 7
vendor_id	: GenuineIntel
cpu family	: 6
model		: 58
model name	: Intel(R) Core(TM) i7-3610QM CPU @ 2.30GHz
stepping	: 9
microcode	: 0x12
cpu MHz		: 3099.968
cache size	: 6144 KB
physical id	: 0
siblings	: 8
core id		: 3
cpu cores	: 4
apicid		: 7
initial apicid	: 7
fpu		: yes
fpu_exception	: yes
cpuid level	: 13
wp		: yes
flags		: fpu vme de pse tsc msr pae mce cx8 apic sep mtrr pge mca cmov pat pse36 clflush dts acpi mmx fxsr sse sse2 ss ht tm pbe syscall nx rdtscp lm constant_tsc arch_perfmon pebs bts rep_good nopl xtopology nonstop_tsc aperfmperf eagerfpu pni pclmulqdq dtes64 monitor ds_cpl vmx est tm2 ssse3 cx16 xtpr pdcm pcid sse4_1 sse4_2 x2apic popcnt tsc_deadline_timer aes xsave avx f16c rdrand lahf_lm arat epb pln pts dtherm tpr_shadow vnmi flexpriority ept vpid fsgsbase smep erms xsaveopt
bugs		:
bogomips	: 4589.34
clflush size	: 64
cache_alignment	: 64
address sizes	: 36 bits physical, 48 bits virtual
power management:



Memory: 4k page, physical 8072644k(2787092k free), swap 0k(0k free)

vm_info: Java HotSpot(TM) 64-Bit Server VM (25.60-b23) for linux-amd64 JRE (1.8.0_60-b27), built on Aug  4 2015 12:19:40 by "java_re" with gcc 4.3.0 20080428 (Red Hat 4.3.0-8)

time: Wed Sep 16 13:08:20 2015
elapsed time: 10887 seconds (0d 3h 1m 27s)

